{"uid":"c1cde83079870a2e","name":"successTest()","fullName":"com.qaguru.tests.TextboxTests.successTest","historyId":"68d2b7e3d17fc084162849dd8873731f","time":{"start":1718113293023,"stop":1718113309289,"duration":16266},"description":"","status":"failed","statusMessage":"Invalid element state [#submit]: element click intercepted: Element <button id=\"submit\" type=\"button\" class=\"btn btn-primary\">...</button> is not clickable at point (1359, 918). Other element would receive the click: <iframe id=\"google_ads_iframe_/21849154601,22343295815/Ad.Plus-Anchor_0\" name=\"google_ads_iframe_/21849154601,22343295815/Ad.Plus-Anchor_0\" title=\"3rd party ad content\" width=\"970\" height=\"100\" scrolling=\"no\" marginwidth=\"0\" marginheight=\"0\" frameborder=\"0\" aria-label=\"Advertisement\" tabindex=\"0\" style=\"border: 0px; vertical-align: bottom;\" data-load-complete=\"true\" data-google-container-id=\"1\"></iframe>\nScreenshot: file:/home/runner/work/qa_tests_20_3/qa_tests_20_3/build/reports/tests/1718113307178.7.png\nPage source: file:/home/runner/work/qa_tests_20_3/qa_tests_20_3/build/reports/tests/1718113307178.7.html\nTimeout: 10 s.\nCaused by: ElementClickInterceptedException: element click intercepted: Element <button id=\"submit\" type=\"button\" class=\"btn btn-primary\">...</button> is not clickable at point (1359, 918). Other element would receive the click: <iframe id=\"google_ads_iframe_/21849154601,22343295815/Ad.Plus-Anchor_0\" name=\"google_ads_iframe_/21849154601,22343295815/Ad.Plus-Anchor_0\" title=\"3rd party ad content\" width=\"970\" height=\"100\" scrolling=\"no\" marginwidth=\"0\" marginheight=\"0\" frameborder=\"0\" aria-label=\"Advertisement\" tabindex=\"0\" style=\"border: 0px; vertical-align: bottom;\" data-load-complete=\"true\" data-google-container-id=\"1\"></iframe>","statusTrace":"Invalid element state [#submit]: element click intercepted: Element <button id=\"submit\" type=\"button\" class=\"btn btn-primary\">...</button> is not clickable at point (1359, 918). Other element would receive the click: <iframe id=\"google_ads_iframe_/21849154601,22343295815/Ad.Plus-Anchor_0\" name=\"google_ads_iframe_/21849154601,22343295815/Ad.Plus-Anchor_0\" title=\"3rd party ad content\" width=\"970\" height=\"100\" scrolling=\"no\" marginwidth=\"0\" marginheight=\"0\" frameborder=\"0\" aria-label=\"Advertisement\" tabindex=\"0\" style=\"border: 0px; vertical-align: bottom;\" data-load-complete=\"true\" data-google-container-id=\"1\"></iframe>\nScreenshot: file:/home/runner/work/qa_tests_20_3/qa_tests_20_3/build/reports/tests/1718113307178.7.png\nPage source: file:/home/runner/work/qa_tests_20_3/qa_tests_20_3/build/reports/tests/1718113307178.7.html\nTimeout: 10 s.\nCaused by: ElementClickInterceptedException: element click intercepted: Element <button id=\"submit\" type=\"button\" class=\"btn btn-primary\">...</button> is not clickable at point (1359, 918). Other element would receive the click: <iframe id=\"google_ads_iframe_/21849154601,22343295815/Ad.Plus-Anchor_0\" name=\"google_ads_iframe_/21849154601,22343295815/Ad.Plus-Anchor_0\" title=\"3rd party ad content\" width=\"970\" height=\"100\" scrolling=\"no\" marginwidth=\"0\" marginheight=\"0\" frameborder=\"0\" aria-label=\"Advertisement\" tabindex=\"0\" style=\"border: 0px; vertical-align: bottom;\" data-load-complete=\"true\" data-google-container-id=\"1\"></iframe>\n\tat com.codeborne.selenide.impl.ExceptionWrapper.wrap(ExceptionWrapper.java:26)\n\tat com.codeborne.selenide.impl.SelenideElementProxy.dispatchAndRetry(SelenideElementProxy.java:156)\n\tat com.codeborne.selenide.impl.SelenideElementProxy.invoke(SelenideElementProxy.java:86)\n\tat jdk.proxy3/jdk.proxy3.$Proxy38.click(Unknown Source)\n\tat com.qaguru.tests.TextboxTests.successTest(TextboxTests.java:26)\n\tat java.base/java.lang.reflect.Method.invoke(Method.java:577)\n\tat java.base/java.util.ArrayList.forEach(ArrayList.java:1511)\n\tat java.base/java.util.ArrayList.forEach(ArrayList.java:1511)\nCaused by: org.openqa.selenium.ElementClickInterceptedException: element click intercepted: Element <button id=\"submit\" type=\"button\" class=\"btn btn-primary\">...</button> is not clickable at point (1359, 918). Other element would receive the click: <iframe id=\"google_ads_iframe_/21849154601,22343295815/Ad.Plus-Anchor_0\" name=\"google_ads_iframe_/21849154601,22343295815/Ad.Plus-Anchor_0\" title=\"3rd party ad content\" width=\"970\" height=\"100\" scrolling=\"no\" marginwidth=\"0\" marginheight=\"0\" frameborder=\"0\" aria-label=\"Advertisement\" tabindex=\"0\" style=\"border: 0px; vertical-align: bottom;\" data-load-complete=\"true\" data-google-container-id=\"1\"></iframe>\n  (Session info: chrome=122.0.6261.94)\nBuild info: version: '4.20.0', revision: '866c76ca80'\nSystem info: os.name: 'Linux', os.arch: 'amd64', os.version: '6.5.0-1021-azure', java.version: '18.0.2'\nDriver info: org.openqa.selenium.remote.RemoteWebDriver\nCommand: [8079f063ab89da8105e40b41a59ed217, clickElement {id=f.1B9EDA98302E82C7B334FC544494C653.d.3B05C7B9C18E71975280B04B99E98D09.e.250}]\nCapabilities {acceptInsecureCerts: true, browserName: chrome, browserVersion: 122.0.6261.94, chrome: {chromedriverVersion: 122.0.6261.94 (880dbf29479c..., userDataDir: /tmp/.org.chromium.Chromium...}, fedcm:accounts: true, goog:chromeOptions: {debuggerAddress: localhost:41865}, networkConnectionEnabled: false, pageLoadStrategy: eager, platformName: linux, proxy: Proxy(), se:cdp: ws://selenoid.autotests.clo..., setWindowRect: true, strictFileInteractability: false, timeouts: {implicit: 0, pageLoad: 300000, script: 30000}, unhandledPromptBehavior: accept, webauthn:extension:credBlob: true, webauthn:extension:largeBlob: true, webauthn:extension:minPinLength: true, webauthn:extension:prf: true, webauthn:virtualAuthenticators: true}\nElement: [[RemoteWebDriver: chrome on linux (8079f063ab89da8105e40b41a59ed217)] -> css selector: #submit]\nSession ID: 8079f063ab89da8105e40b41a59ed217\n\tat java.base/jdk.internal.reflect.DirectConstructorHandleAccessor.newInstance(DirectConstructorHandleAccessor.java:67)\n\tat java.base/java.lang.reflect.Constructor.newInstanceWithCaller(Constructor.java:499)\n\tat java.base/java.lang.reflect.Constructor.newInstance(Constructor.java:483)\n\tat org.openqa.selenium.remote.ErrorCodec.decode(ErrorCodec.java:167)\n\tat org.openqa.selenium.remote.codec.w3c.W3CHttpResponseCodec.decode(W3CHttpResponseCodec.java:138)\n\tat org.openqa.selenium.remote.codec.w3c.W3CHttpResponseCodec.decode(W3CHttpResponseCodec.java:50)\n\tat org.openqa.selenium.remote.HttpCommandExecutor.execute(HttpCommandExecutor.java:190)\n\tat org.openqa.selenium.remote.RemoteWebDriver.execute(RemoteWebDriver.java:518)\n\tat org.openqa.selenium.remote.RemoteWebElement.execute(RemoteWebElement.java:223)\n\tat org.openqa.selenium.remote.RemoteWebElement.click(RemoteWebElement.java:76)\n\tat com.codeborne.selenide.commands.Click.defaultClick(Click.java:106)\n\tat com.codeborne.selenide.commands.Click.doClick(Click.java:83)\n\tat com.codeborne.selenide.commands.Click.click(Click.java:59)\n\tat com.codeborne.selenide.commands.Click.execute(Click.java:34)\n\tat com.codeborne.selenide.commands.Click.execute(Click.java:26)\n\tat com.codeborne.selenide.commands.Commands.execute(Commands.java:162)\n\tat com.codeborne.selenide.impl.SelenideElementProxy.dispatchAndRetry(SelenideElementProxy.java:134)\n\t... 6 more\n","flaky":false,"newFailed":false,"newBroken":false,"newPassed":false,"retriesCount":0,"retriesStatusChange":false,"beforeStages":[{"name":"beforeAll","time":{"start":1718113293021,"stop":1718113293022,"duration":1},"status":"passed","steps":[],"attachments":[],"parameters":[],"shouldDisplayMessage":false,"stepsCount":0,"attachmentsCount":0,"hasContent":false,"attachmentStep":false}],"testStage":{"description":"","status":"failed","statusMessage":"Invalid element state [#submit]: element click intercepted: Element <button id=\"submit\" type=\"button\" class=\"btn btn-primary\">...</button> is not clickable at point (1359, 918). Other element would receive the click: <iframe id=\"google_ads_iframe_/21849154601,22343295815/Ad.Plus-Anchor_0\" name=\"google_ads_iframe_/21849154601,22343295815/Ad.Plus-Anchor_0\" title=\"3rd party ad content\" width=\"970\" height=\"100\" scrolling=\"no\" marginwidth=\"0\" marginheight=\"0\" frameborder=\"0\" aria-label=\"Advertisement\" tabindex=\"0\" style=\"border: 0px; vertical-align: bottom;\" data-load-complete=\"true\" data-google-container-id=\"1\"></iframe>\nScreenshot: file:/home/runner/work/qa_tests_20_3/qa_tests_20_3/build/reports/tests/1718113307178.7.png\nPage source: file:/home/runner/work/qa_tests_20_3/qa_tests_20_3/build/reports/tests/1718113307178.7.html\nTimeout: 10 s.\nCaused by: ElementClickInterceptedException: element click intercepted: Element <button id=\"submit\" type=\"button\" class=\"btn btn-primary\">...</button> is not clickable at point (1359, 918). Other element would receive the click: <iframe id=\"google_ads_iframe_/21849154601,22343295815/Ad.Plus-Anchor_0\" name=\"google_ads_iframe_/21849154601,22343295815/Ad.Plus-Anchor_0\" title=\"3rd party ad content\" width=\"970\" height=\"100\" scrolling=\"no\" marginwidth=\"0\" marginheight=\"0\" frameborder=\"0\" aria-label=\"Advertisement\" tabindex=\"0\" style=\"border: 0px; vertical-align: bottom;\" data-load-complete=\"true\" data-google-container-id=\"1\"></iframe>","statusTrace":"Invalid element state [#submit]: element click intercepted: Element <button id=\"submit\" type=\"button\" class=\"btn btn-primary\">...</button> is not clickable at point (1359, 918). Other element would receive the click: <iframe id=\"google_ads_iframe_/21849154601,22343295815/Ad.Plus-Anchor_0\" name=\"google_ads_iframe_/21849154601,22343295815/Ad.Plus-Anchor_0\" title=\"3rd party ad content\" width=\"970\" height=\"100\" scrolling=\"no\" marginwidth=\"0\" marginheight=\"0\" frameborder=\"0\" aria-label=\"Advertisement\" tabindex=\"0\" style=\"border: 0px; vertical-align: bottom;\" data-load-complete=\"true\" data-google-container-id=\"1\"></iframe>\nScreenshot: file:/home/runner/work/qa_tests_20_3/qa_tests_20_3/build/reports/tests/1718113307178.7.png\nPage source: file:/home/runner/work/qa_tests_20_3/qa_tests_20_3/build/reports/tests/1718113307178.7.html\nTimeout: 10 s.\nCaused by: ElementClickInterceptedException: element click intercepted: Element <button id=\"submit\" type=\"button\" class=\"btn btn-primary\">...</button> is not clickable at point (1359, 918). Other element would receive the click: <iframe id=\"google_ads_iframe_/21849154601,22343295815/Ad.Plus-Anchor_0\" name=\"google_ads_iframe_/21849154601,22343295815/Ad.Plus-Anchor_0\" title=\"3rd party ad content\" width=\"970\" height=\"100\" scrolling=\"no\" marginwidth=\"0\" marginheight=\"0\" frameborder=\"0\" aria-label=\"Advertisement\" tabindex=\"0\" style=\"border: 0px; vertical-align: bottom;\" data-load-complete=\"true\" data-google-container-id=\"1\"></iframe>\n\tat com.codeborne.selenide.impl.ExceptionWrapper.wrap(ExceptionWrapper.java:26)\n\tat com.codeborne.selenide.impl.SelenideElementProxy.dispatchAndRetry(SelenideElementProxy.java:156)\n\tat com.codeborne.selenide.impl.SelenideElementProxy.invoke(SelenideElementProxy.java:86)\n\tat jdk.proxy3/jdk.proxy3.$Proxy38.click(Unknown Source)\n\tat com.qaguru.tests.TextboxTests.successTest(TextboxTests.java:26)\n\tat java.base/java.lang.reflect.Method.invoke(Method.java:577)\n\tat java.base/java.util.ArrayList.forEach(ArrayList.java:1511)\n\tat java.base/java.util.ArrayList.forEach(ArrayList.java:1511)\nCaused by: org.openqa.selenium.ElementClickInterceptedException: element click intercepted: Element <button id=\"submit\" type=\"button\" class=\"btn btn-primary\">...</button> is not clickable at point (1359, 918). Other element would receive the click: <iframe id=\"google_ads_iframe_/21849154601,22343295815/Ad.Plus-Anchor_0\" name=\"google_ads_iframe_/21849154601,22343295815/Ad.Plus-Anchor_0\" title=\"3rd party ad content\" width=\"970\" height=\"100\" scrolling=\"no\" marginwidth=\"0\" marginheight=\"0\" frameborder=\"0\" aria-label=\"Advertisement\" tabindex=\"0\" style=\"border: 0px; vertical-align: bottom;\" data-load-complete=\"true\" data-google-container-id=\"1\"></iframe>\n  (Session info: chrome=122.0.6261.94)\nBuild info: version: '4.20.0', revision: '866c76ca80'\nSystem info: os.name: 'Linux', os.arch: 'amd64', os.version: '6.5.0-1021-azure', java.version: '18.0.2'\nDriver info: org.openqa.selenium.remote.RemoteWebDriver\nCommand: [8079f063ab89da8105e40b41a59ed217, clickElement {id=f.1B9EDA98302E82C7B334FC544494C653.d.3B05C7B9C18E71975280B04B99E98D09.e.250}]\nCapabilities {acceptInsecureCerts: true, browserName: chrome, browserVersion: 122.0.6261.94, chrome: {chromedriverVersion: 122.0.6261.94 (880dbf29479c..., userDataDir: /tmp/.org.chromium.Chromium...}, fedcm:accounts: true, goog:chromeOptions: {debuggerAddress: localhost:41865}, networkConnectionEnabled: false, pageLoadStrategy: eager, platformName: linux, proxy: Proxy(), se:cdp: ws://selenoid.autotests.clo..., setWindowRect: true, strictFileInteractability: false, timeouts: {implicit: 0, pageLoad: 300000, script: 30000}, unhandledPromptBehavior: accept, webauthn:extension:credBlob: true, webauthn:extension:largeBlob: true, webauthn:extension:minPinLength: true, webauthn:extension:prf: true, webauthn:virtualAuthenticators: true}\nElement: [[RemoteWebDriver: chrome on linux (8079f063ab89da8105e40b41a59ed217)] -> css selector: #submit]\nSession ID: 8079f063ab89da8105e40b41a59ed217\n\tat java.base/jdk.internal.reflect.DirectConstructorHandleAccessor.newInstance(DirectConstructorHandleAccessor.java:67)\n\tat java.base/java.lang.reflect.Constructor.newInstanceWithCaller(Constructor.java:499)\n\tat java.base/java.lang.reflect.Constructor.newInstance(Constructor.java:483)\n\tat org.openqa.selenium.remote.ErrorCodec.decode(ErrorCodec.java:167)\n\tat org.openqa.selenium.remote.codec.w3c.W3CHttpResponseCodec.decode(W3CHttpResponseCodec.java:138)\n\tat org.openqa.selenium.remote.codec.w3c.W3CHttpResponseCodec.decode(W3CHttpResponseCodec.java:50)\n\tat org.openqa.selenium.remote.HttpCommandExecutor.execute(HttpCommandExecutor.java:190)\n\tat org.openqa.selenium.remote.RemoteWebDriver.execute(RemoteWebDriver.java:518)\n\tat org.openqa.selenium.remote.RemoteWebElement.execute(RemoteWebElement.java:223)\n\tat org.openqa.selenium.remote.RemoteWebElement.click(RemoteWebElement.java:76)\n\tat com.codeborne.selenide.commands.Click.defaultClick(Click.java:106)\n\tat com.codeborne.selenide.commands.Click.doClick(Click.java:83)\n\tat com.codeborne.selenide.commands.Click.click(Click.java:59)\n\tat com.codeborne.selenide.commands.Click.execute(Click.java:34)\n\tat com.codeborne.selenide.commands.Click.execute(Click.java:26)\n\tat com.codeborne.selenide.commands.Commands.execute(Commands.java:162)\n\tat com.codeborne.selenide.impl.SelenideElementProxy.dispatchAndRetry(SelenideElementProxy.java:134)\n\t... 6 more\n","steps":[{"name":"$(\"open\") https://demoqa.com/text-box","time":{"start":1718113293023,"stop":1718113293475,"duration":452},"status":"passed","steps":[{"name":"$(\"open\") https://demoqa.com/text-box","time":{"start":1718113293023,"stop":1718113293475,"duration":452},"status":"passed","steps":[],"attachments":[],"parameters":[],"shouldDisplayMessage":false,"stepsCount":0,"attachmentsCount":0,"hasContent":false,"attachmentStep":false}],"attachments":[],"parameters":[],"shouldDisplayMessage":false,"stepsCount":1,"attachmentsCount":0,"hasContent":true,"attachmentStep":false},{"name":"$(\"#userName\") set value(Ivan Ivanov)","time":{"start":1718113293475,"stop":1718113294531,"duration":1056},"status":"passed","steps":[{"name":"$(\"#userName\") set value(Ivan Ivanov)","time":{"start":1718113293475,"stop":1718113294531,"duration":1056},"status":"passed","steps":[],"attachments":[],"parameters":[],"shouldDisplayMessage":false,"stepsCount":0,"attachmentsCount":0,"hasContent":false,"attachmentStep":false}],"attachments":[],"parameters":[],"shouldDisplayMessage":false,"stepsCount":1,"attachmentsCount":0,"hasContent":true,"attachmentStep":false},{"name":"$(\"#userEmail\") set value(test@test.com)","time":{"start":1718113294531,"stop":1718113295593,"duration":1062},"status":"passed","steps":[{"name":"$(\"#userEmail\") set value(test@test.com)","time":{"start":1718113294531,"stop":1718113295593,"duration":1062},"status":"passed","steps":[],"attachments":[],"parameters":[],"shouldDisplayMessage":false,"stepsCount":0,"attachmentsCount":0,"hasContent":false,"attachmentStep":false}],"attachments":[],"parameters":[],"shouldDisplayMessage":false,"stepsCount":1,"attachmentsCount":0,"hasContent":true,"attachmentStep":false},{"name":"$(\"#currentAddress\") set value(Address1)","time":{"start":1718113295593,"stop":1718113296251,"duration":658},"status":"passed","steps":[{"name":"$(\"#currentAddress\") set value(Address1)","time":{"start":1718113295593,"stop":1718113296251,"duration":658},"status":"passed","steps":[],"attachments":[],"parameters":[],"shouldDisplayMessage":false,"stepsCount":0,"attachmentsCount":0,"hasContent":false,"attachmentStep":false}],"attachments":[],"parameters":[],"shouldDisplayMessage":false,"stepsCount":1,"attachmentsCount":0,"hasContent":true,"attachmentStep":false},{"name":"$(\"#permanentAddress\") set value(Address2)","time":{"start":1718113296251,"stop":1718113296900,"duration":649},"status":"passed","steps":[{"name":"$(\"#permanentAddress\") set value(Address2)","time":{"start":1718113296251,"stop":1718113296900,"duration":649},"status":"passed","steps":[],"attachments":[],"parameters":[],"shouldDisplayMessage":false,"stepsCount":0,"attachmentsCount":0,"hasContent":false,"attachmentStep":false}],"attachments":[],"parameters":[],"shouldDisplayMessage":false,"stepsCount":1,"attachmentsCount":0,"hasContent":true,"attachmentStep":false},{"name":"$(\"#submit\") click()","time":{"start":1718113296900,"stop":1718113309284,"duration":12384},"status":"failed","statusMessage":"Invalid element state [#submit]: element click intercepted: Element <button id=\"submit\" type=\"button\" class=\"btn btn-primary\">...</button> is not clickable at point (1359, 918). Other element would receive the click: <iframe id=\"google_ads_iframe_/21849154601,22343295815/Ad.Plus-Anchor_0\" name=\"google_ads_iframe_/21849154601,22343295815/Ad.Plus-Anchor_0\" title=\"3rd party ad content\" width=\"970\" height=\"100\" scrolling=\"no\" marginwidth=\"0\" marginheight=\"0\" frameborder=\"0\" aria-label=\"Advertisement\" tabindex=\"0\" style=\"border: 0px; vertical-align: bottom;\" data-load-complete=\"true\" data-google-container-id=\"1\"></iframe>\nScreenshot: file:/home/runner/work/qa_tests_20_3/qa_tests_20_3/build/reports/tests/1718113307178.7.png\nPage source: file:/home/runner/work/qa_tests_20_3/qa_tests_20_3/build/reports/tests/1718113307178.7.html\nTimeout: 10 s.\nCaused by: ElementClickInterceptedException: element click intercepted: Element <button id=\"submit\" type=\"button\" class=\"btn btn-primary\">...</button> is not clickable at point (1359, 918). Other element would receive the click: <iframe id=\"google_ads_iframe_/21849154601,22343295815/Ad.Plus-Anchor_0\" name=\"google_ads_iframe_/21849154601,22343295815/Ad.Plus-Anchor_0\" title=\"3rd party ad content\" width=\"970\" height=\"100\" scrolling=\"no\" marginwidth=\"0\" marginheight=\"0\" frameborder=\"0\" aria-label=\"Advertisement\" tabindex=\"0\" style=\"border: 0px; vertical-align: bottom;\" data-load-complete=\"true\" data-google-container-id=\"1\"></iframe>","statusTrace":"Invalid element state [#submit]: element click intercepted: Element <button id=\"submit\" type=\"button\" class=\"btn btn-primary\">...</button> is not clickable at point (1359, 918). Other element would receive the click: <iframe id=\"google_ads_iframe_/21849154601,22343295815/Ad.Plus-Anchor_0\" name=\"google_ads_iframe_/21849154601,22343295815/Ad.Plus-Anchor_0\" title=\"3rd party ad content\" width=\"970\" height=\"100\" scrolling=\"no\" marginwidth=\"0\" marginheight=\"0\" frameborder=\"0\" aria-label=\"Advertisement\" tabindex=\"0\" style=\"border: 0px; vertical-align: bottom;\" data-load-complete=\"true\" data-google-container-id=\"1\"></iframe>\nScreenshot: file:/home/runner/work/qa_tests_20_3/qa_tests_20_3/build/reports/tests/1718113307178.7.png\nPage source: file:/home/runner/work/qa_tests_20_3/qa_tests_20_3/build/reports/tests/1718113307178.7.html\nTimeout: 10 s.\nCaused by: ElementClickInterceptedException: element click intercepted: Element <button id=\"submit\" type=\"button\" class=\"btn btn-primary\">...</button> is not clickable at point (1359, 918). Other element would receive the click: <iframe id=\"google_ads_iframe_/21849154601,22343295815/Ad.Plus-Anchor_0\" name=\"google_ads_iframe_/21849154601,22343295815/Ad.Plus-Anchor_0\" title=\"3rd party ad content\" width=\"970\" height=\"100\" scrolling=\"no\" marginwidth=\"0\" marginheight=\"0\" frameborder=\"0\" aria-label=\"Advertisement\" tabindex=\"0\" style=\"border: 0px; vertical-align: bottom;\" data-load-complete=\"true\" data-google-container-id=\"1\"></iframe>\n\tat com.codeborne.selenide.impl.ExceptionWrapper.wrap(ExceptionWrapper.java:26)\n\tat com.codeborne.selenide.impl.SelenideElementProxy.dispatchAndRetry(SelenideElementProxy.java:156)\n\tat com.codeborne.selenide.impl.SelenideElementProxy.invoke(SelenideElementProxy.java:86)\n\tat jdk.proxy3/jdk.proxy3.$Proxy38.click(Unknown Source)\n\tat com.qaguru.tests.TextboxTests.successTest(TextboxTests.java:26)\n\tat java.base/jdk.internal.reflect.DirectMethodHandleAccessor.invoke(DirectMethodHandleAccessor.java:104)\n\tat java.base/java.lang.reflect.Method.invoke(Method.java:577)\n\tat org.junit.platform.commons.util.ReflectionUtils.invokeMethod(ReflectionUtils.java:728)\n\tat org.junit.jupiter.engine.execution.MethodInvocation.proceed(MethodInvocation.java:60)\n\tat org.junit.jupiter.engine.execution.InvocationInterceptorChain$ValidatingInvocation.proceed(InvocationInterceptorChain.java:131)\n\tat org.junit.jupiter.api.extension.InvocationInterceptor.interceptTestMethod(InvocationInterceptor.java:119)\n\tat org.junit.jupiter.engine.execution.InterceptingExecutableInvoker$ReflectiveInterceptorCall.lambda$ofVoidMethod$0(InterceptingExecutableInvoker.java:103)\n\tat org.junit.jupiter.engine.execution.InterceptingExecutableInvoker.lambda$invoke$0(InterceptingExecutableInvoker.java:93)\n\tat org.junit.jupiter.engine.execution.InvocationInterceptorChain$InterceptedInvocation.proceed(InvocationInterceptorChain.java:106)\n\tat org.junit.jupiter.engine.extension.TimeoutExtension.intercept(TimeoutExtension.java:156)\n\tat org.junit.jupiter.engine.extension.TimeoutExtension.interceptTestableMethod(TimeoutExtension.java:147)\n\tat org.junit.jupiter.engine.extension.TimeoutExtension.interceptTestMethod(TimeoutExtension.java:86)\n\tat org.junit.jupiter.engine.execution.InterceptingExecutableInvoker$ReflectiveInterceptorCall.lambda$ofVoidMethod$0(InterceptingExecutableInvoker.java:103)\n\tat org.junit.jupiter.engine.execution.InterceptingExecutableInvoker.lambda$invoke$0(InterceptingExecutableInvoker.java:93)\n\tat org.junit.jupiter.engine.execution.InvocationInterceptorChain$InterceptedInvocation.proceed(InvocationInterceptorChain.java:106)\n\tat org.junit.jupiter.engine.execution.InvocationInterceptorChain.proceed(InvocationInterceptorChain.java:64)\n\tat org.junit.jupiter.engine.execution.InvocationInterceptorChain.chainAndInvoke(InvocationInterceptorChain.java:45)\n\tat org.junit.jupiter.engine.execution.InvocationInterceptorChain.invoke(InvocationInterceptorChain.java:37)\n\tat org.junit.jupiter.engine.execution.InterceptingExecutableInvoker.invoke(InterceptingExecutableInvoker.java:92)\n\tat org.junit.jupiter.engine.execution.InterceptingExecutableInvoker.invoke(InterceptingExecutableInvoker.java:86)\n\tat org.junit.jupiter.engine.descriptor.TestMethodTestDescriptor.lambda$invokeTestMethod$7(TestMethodTestDescriptor.java:218)\n\tat org.junit.platform.engine.support.hierarchical.ThrowableCollector.execute(ThrowableCollector.java:73)\n\tat org.junit.jupiter.engine.descriptor.TestMethodTestDescriptor.invokeTestMethod(TestMethodTestDescriptor.java:214)\n\tat org.junit.jupiter.engine.descriptor.TestMethodTestDescriptor.execute(TestMethodTestDescriptor.java:139)\n\tat org.junit.jupiter.engine.descriptor.TestMethodTestDescriptor.execute(TestMethodTestDescriptor.java:69)\n\tat org.junit.platform.engine.support.hierarchical.NodeTestTask.lambda$executeRecursively$6(NodeTestTask.java:151)\n\tat org.junit.platform.engine.support.hierarchical.ThrowableCollector.execute(ThrowableCollector.java:73)\n\tat org.junit.platform.engine.support.hierarchical.NodeTestTask.lambda$executeRecursively$8(NodeTestTask.java:141)\n\tat org.junit.platform.engine.support.hierarchical.Node.around(Node.java:137)\n\tat org.junit.platform.engine.support.hierarchical.NodeTestTask.lambda$executeRecursively$9(NodeTestTask.java:139)\n\tat org.junit.platform.engine.support.hierarchical.ThrowableCollector.execute(ThrowableCollector.java:73)\n\tat org.junit.platform.engine.support.hierarchical.NodeTestTask.executeRecursively(NodeTestTask.java:138)\n\tat org.junit.platform.engine.support.hierarchical.NodeTestTask.execute(NodeTestTask.java:95)\n\tat java.base/java.util.ArrayList.forEach(ArrayList.java:1511)\n\tat org.junit.platform.engine.support.hierarchical.SameThreadHierarchicalTestExecutorService.invokeAll(SameThreadHierarchicalTestExecutorService.java:41)\n\tat org.junit.platform.engine.support.hierarchical.NodeTestTask.lambda$executeRecursively$6(NodeTestTask.java:155)\n\tat org.junit.platform.engine.support.hierarchical.ThrowableCollector.execute(ThrowableCollector.java:73)\n\tat org.junit.platform.engine.support.hierarchical.NodeTestTask.lambda$executeRecursively$8(NodeTestTask.java:141)\n\tat org.junit.platform.engine.support.hierarchical.Node.around(Node.java:137)\n\tat org.junit.platform.engine.support.hierarchical.NodeTestTask.lambda$executeRecursively$9(NodeTestTask.java:139)\n\tat org.junit.platform.engine.support.hierarchical.ThrowableCollector.execute(ThrowableCollector.java:73)\n\tat org.junit.platform.engine.support.hierarchical.NodeTestTask.executeRecursively(NodeTestTask.java:138)\n\tat org.junit.platform.engine.support.hierarchical.NodeTestTask.execute(NodeTestTask.java:95)\n\tat java.base/java.util.ArrayList.forEach(ArrayList.java:1511)\n\tat org.junit.platform.engine.support.hierarchical.SameThreadHierarchicalTestExecutorService.invokeAll(SameThreadHierarchicalTestExecutorService.java:41)\n\tat org.junit.platform.engine.support.hierarchical.NodeTestTask.lambda$executeRecursively$6(NodeTestTask.java:155)\n\tat org.junit.platform.engine.support.hierarchical.ThrowableCollector.execute(ThrowableCollector.java:73)\n\tat org.junit.platform.engine.support.hierarchical.NodeTestTask.lambda$executeRecursively$8(NodeTestTask.java:141)\n\tat org.junit.platform.engine.support.hierarchical.Node.around(Node.java:137)\n\tat org.junit.platform.engine.support.hierarchical.NodeTestTask.lambda$executeRecursively$9(NodeTestTask.java:139)\n\tat org.junit.platform.engine.support.hierarchical.ThrowableCollector.execute(ThrowableCollector.java:73)\n\tat org.junit.platform.engine.support.hierarchical.NodeTestTask.executeRecursively(NodeTestTask.java:138)\n\tat org.junit.platform.engine.support.hierarchical.NodeTestTask.execute(NodeTestTask.java:95)\n\tat org.junit.platform.engine.support.hierarchical.SameThreadHierarchicalTestExecutorService.submit(SameThreadHierarchicalTestExecutorService.java:35)\n\tat org.junit.platform.engine.support.hierarchical.HierarchicalTestExecutor.execute(HierarchicalTestExecutor.java:57)\n\tat org.junit.platform.engine.support.hierarchical.HierarchicalTestEngine.execute(HierarchicalTestEngine.java:54)\n\tat org.junit.platform.launcher.core.EngineExecutionOrchestrator.execute(EngineExecutionOrchestrator.java:198)\n\tat org.junit.platform.launcher.core.EngineExecutionOrchestrator.execute(EngineExecutionOrchestrator.java:169)\n\tat org.junit.platform.launcher.core.EngineExecutionOrchestrator.execute(EngineExecutionOrchestrator.java:93)\n\tat org.junit.platform.launcher.core.EngineExecutionOrchestrator.lambda$execute$0(EngineExecutionOrchestrator.java:58)\n\tat org.junit.platform.launcher.core.EngineExecutionOrchestrator.withInterceptedStreams(EngineExecutionOrchestrator.java:141)\n\tat org.junit.platform.launcher.core.EngineExecutionOrchestrator.execute(EngineExecutionOrchestrator.java:57)\n\tat org.junit.platform.launcher.core.DefaultLauncher.execute(DefaultLauncher.java:103)\n\tat org.junit.platform.launcher.core.DefaultLauncher.execute(DefaultLauncher.java:85)\n\tat org.junit.platform.launcher.core.DelegatingLauncher.execute(DelegatingLauncher.java:47)\n\tat org.junit.platform.launcher.core.SessionPerRequestLauncher.execute(SessionPerRequestLauncher.java:63)\n\tat org.gradle.api.internal.tasks.testing.junitplatform.JUnitPlatformTestClassProcessor$CollectAllTestClassesExecutor.processAllTestClasses(JUnitPlatformTestClassProcessor.java:99)\n\tat org.gradle.api.internal.tasks.testing.junitplatform.JUnitPlatformTestClassProcessor$CollectAllTestClassesExecutor.access$000(JUnitPlatformTestClassProcessor.java:79)\n\tat org.gradle.api.internal.tasks.testing.junitplatform.JUnitPlatformTestClassProcessor.stop(JUnitPlatformTestClassProcessor.java:75)\n\tat org.gradle.api.internal.tasks.testing.SuiteTestClassProcessor.stop(SuiteTestClassProcessor.java:61)\n\tat java.base/jdk.internal.reflect.DirectMethodHandleAccessor.invoke(DirectMethodHandleAccessor.java:104)\n\tat java.base/java.lang.reflect.Method.invoke(Method.java:577)\n\tat org.gradle.internal.dispatch.ReflectionDispatch.dispatch(ReflectionDispatch.java:36)\n\tat org.gradle.internal.dispatch.ReflectionDispatch.dispatch(ReflectionDispatch.java:24)\n\tat org.gradle.internal.dispatch.ContextClassLoaderDispatch.dispatch(ContextClassLoaderDispatch.java:33)\n\tat org.gradle.internal.dispatch.ProxyDispatchAdapter$DispatchingInvocationHandler.invoke(ProxyDispatchAdapter.java:94)\n\tat jdk.proxy1/jdk.proxy1.$Proxy2.stop(Unknown Source)\n\tat org.gradle.api.internal.tasks.testing.worker.TestWorker$3.run(TestWorker.java:193)\n\tat org.gradle.api.internal.tasks.testing.worker.TestWorker.executeAndMaintainThreadName(TestWorker.java:129)\n\tat org.gradle.api.internal.tasks.testing.worker.TestWorker.execute(TestWorker.java:100)\n\tat org.gradle.api.internal.tasks.testing.worker.TestWorker.execute(TestWorker.java:60)\n\tat org.gradle.process.internal.worker.child.ActionExecutionWorker.execute(ActionExecutionWorker.java:56)\n\tat org.gradle.process.internal.worker.child.SystemApplicationClassLoaderWorker.call(SystemApplicationClassLoaderWorker.java:133)\n\tat org.gradle.process.internal.worker.child.SystemApplicationClassLoaderWorker.call(SystemApplicationClassLoaderWorker.java:71)\n\tat worker.org.gradle.process.internal.worker.GradleWorkerMain.run(GradleWorkerMain.java:69)\n\tat worker.org.gradle.process.internal.worker.GradleWorkerMain.main(GradleWorkerMain.java:74)\nCaused by: org.openqa.selenium.ElementClickInterceptedException: element click intercepted: Element <button id=\"submit\" type=\"button\" class=\"btn btn-primary\">...</button> is not clickable at point (1359, 918). Other element would receive the click: <iframe id=\"google_ads_iframe_/21849154601,22343295815/Ad.Plus-Anchor_0\" name=\"google_ads_iframe_/21849154601,22343295815/Ad.Plus-Anchor_0\" title=\"3rd party ad content\" width=\"970\" height=\"100\" scrolling=\"no\" marginwidth=\"0\" marginheight=\"0\" frameborder=\"0\" aria-label=\"Advertisement\" tabindex=\"0\" style=\"border: 0px; vertical-align: bottom;\" data-load-complete=\"true\" data-google-container-id=\"1\"></iframe>\n  (Session info: chrome=122.0.6261.94)\nBuild info: version: '4.20.0', revision: '866c76ca80'\nSystem info: os.name: 'Linux', os.arch: 'amd64', os.version: '6.5.0-1021-azure', java.version: '18.0.2'\nDriver info: org.openqa.selenium.remote.RemoteWebDriver\nCommand: [8079f063ab89da8105e40b41a59ed217, clickElement {id=f.1B9EDA98302E82C7B334FC544494C653.d.3B05C7B9C18E71975280B04B99E98D09.e.250}]\nCapabilities {acceptInsecureCerts: true, browserName: chrome, browserVersion: 122.0.6261.94, chrome: {chromedriverVersion: 122.0.6261.94 (880dbf29479c..., userDataDir: /tmp/.org.chromium.Chromium...}, fedcm:accounts: true, goog:chromeOptions: {debuggerAddress: localhost:41865}, networkConnectionEnabled: false, pageLoadStrategy: eager, platformName: linux, proxy: Proxy(), se:cdp: ws://selenoid.autotests.clo..., setWindowRect: true, strictFileInteractability: false, timeouts: {implicit: 0, pageLoad: 300000, script: 30000}, unhandledPromptBehavior: accept, webauthn:extension:credBlob: true, webauthn:extension:largeBlob: true, webauthn:extension:minPinLength: true, webauthn:extension:prf: true, webauthn:virtualAuthenticators: true}\nElement: [[RemoteWebDriver: chrome on linux (8079f063ab89da8105e40b41a59ed217)] -> css selector: #submit]\nSession ID: 8079f063ab89da8105e40b41a59ed217\n\tat java.base/jdk.internal.reflect.DirectConstructorHandleAccessor.newInstance(DirectConstructorHandleAccessor.java:67)\n\tat java.base/java.lang.reflect.Constructor.newInstanceWithCaller(Constructor.java:499)\n\tat java.base/java.lang.reflect.Constructor.newInstance(Constructor.java:483)\n\tat org.openqa.selenium.remote.ErrorCodec.decode(ErrorCodec.java:167)\n\tat org.openqa.selenium.remote.codec.w3c.W3CHttpResponseCodec.decode(W3CHttpResponseCodec.java:138)\n\tat org.openqa.selenium.remote.codec.w3c.W3CHttpResponseCodec.decode(W3CHttpResponseCodec.java:50)\n\tat org.openqa.selenium.remote.HttpCommandExecutor.execute(HttpCommandExecutor.java:190)\n\tat org.openqa.selenium.remote.RemoteWebDriver.execute(RemoteWebDriver.java:518)\n\tat org.openqa.selenium.remote.RemoteWebElement.execute(RemoteWebElement.java:223)\n\tat org.openqa.selenium.remote.RemoteWebElement.click(RemoteWebElement.java:76)\n\tat com.codeborne.selenide.commands.Click.defaultClick(Click.java:106)\n\tat com.codeborne.selenide.commands.Click.doClick(Click.java:83)\n\tat com.codeborne.selenide.commands.Click.click(Click.java:59)\n\tat com.codeborne.selenide.commands.Click.execute(Click.java:34)\n\tat com.codeborne.selenide.commands.Click.execute(Click.java:26)\n\tat com.codeborne.selenide.commands.Commands.execute(Commands.java:162)\n\tat com.codeborne.selenide.impl.SelenideElementProxy.dispatchAndRetry(SelenideElementProxy.java:134)\n\t... 89 more\n","steps":[{"name":"$(\"#submit\") click()","time":{"start":1718113296900,"stop":1718113308738,"duration":11838},"status":"failed","statusMessage":"Invalid element state [#submit]: element click intercepted: Element <button id=\"submit\" type=\"button\" class=\"btn btn-primary\">...</button> is not clickable at point (1359, 918). Other element would receive the click: <iframe id=\"google_ads_iframe_/21849154601,22343295815/Ad.Plus-Anchor_0\" name=\"google_ads_iframe_/21849154601,22343295815/Ad.Plus-Anchor_0\" title=\"3rd party ad content\" width=\"970\" height=\"100\" scrolling=\"no\" marginwidth=\"0\" marginheight=\"0\" frameborder=\"0\" aria-label=\"Advertisement\" tabindex=\"0\" style=\"border: 0px; vertical-align: bottom;\" data-load-complete=\"true\" data-google-container-id=\"1\"></iframe>\nScreenshot: file:/home/runner/work/qa_tests_20_3/qa_tests_20_3/build/reports/tests/1718113307178.7.png\nPage source: file:/home/runner/work/qa_tests_20_3/qa_tests_20_3/build/reports/tests/1718113307178.7.html\nTimeout: 10 s.\nCaused by: ElementClickInterceptedException: element click intercepted: Element <button id=\"submit\" type=\"button\" class=\"btn btn-primary\">...</button> is not clickable at point (1359, 918). Other element would receive the click: <iframe id=\"google_ads_iframe_/21849154601,22343295815/Ad.Plus-Anchor_0\" name=\"google_ads_iframe_/21849154601,22343295815/Ad.Plus-Anchor_0\" title=\"3rd party ad content\" width=\"970\" height=\"100\" scrolling=\"no\" marginwidth=\"0\" marginheight=\"0\" frameborder=\"0\" aria-label=\"Advertisement\" tabindex=\"0\" style=\"border: 0px; vertical-align: bottom;\" data-load-complete=\"true\" data-google-container-id=\"1\"></iframe>","statusTrace":"Invalid element state [#submit]: element click intercepted: Element <button id=\"submit\" type=\"button\" class=\"btn btn-primary\">...</button> is not clickable at point (1359, 918). Other element would receive the click: <iframe id=\"google_ads_iframe_/21849154601,22343295815/Ad.Plus-Anchor_0\" name=\"google_ads_iframe_/21849154601,22343295815/Ad.Plus-Anchor_0\" title=\"3rd party ad content\" width=\"970\" height=\"100\" scrolling=\"no\" marginwidth=\"0\" marginheight=\"0\" frameborder=\"0\" aria-label=\"Advertisement\" tabindex=\"0\" style=\"border: 0px; vertical-align: bottom;\" data-load-complete=\"true\" data-google-container-id=\"1\"></iframe>\nScreenshot: file:/home/runner/work/qa_tests_20_3/qa_tests_20_3/build/reports/tests/1718113307178.7.png\nPage source: file:/home/runner/work/qa_tests_20_3/qa_tests_20_3/build/reports/tests/1718113307178.7.html\nTimeout: 10 s.\nCaused by: ElementClickInterceptedException: element click intercepted: Element <button id=\"submit\" type=\"button\" class=\"btn btn-primary\">...</button> is not clickable at point (1359, 918). Other element would receive the click: <iframe id=\"google_ads_iframe_/21849154601,22343295815/Ad.Plus-Anchor_0\" name=\"google_ads_iframe_/21849154601,22343295815/Ad.Plus-Anchor_0\" title=\"3rd party ad content\" width=\"970\" height=\"100\" scrolling=\"no\" marginwidth=\"0\" marginheight=\"0\" frameborder=\"0\" aria-label=\"Advertisement\" tabindex=\"0\" style=\"border: 0px; vertical-align: bottom;\" data-load-complete=\"true\" data-google-container-id=\"1\"></iframe>\n\tat com.codeborne.selenide.impl.ExceptionWrapper.wrap(ExceptionWrapper.java:26)\n\tat com.codeborne.selenide.impl.SelenideElementProxy.dispatchAndRetry(SelenideElementProxy.java:156)\n\tat com.codeborne.selenide.impl.SelenideElementProxy.invoke(SelenideElementProxy.java:86)\n\tat jdk.proxy3/jdk.proxy3.$Proxy38.click(Unknown Source)\n\tat com.qaguru.tests.TextboxTests.successTest(TextboxTests.java:26)\n\tat java.base/jdk.internal.reflect.DirectMethodHandleAccessor.invoke(DirectMethodHandleAccessor.java:104)\n\tat java.base/java.lang.reflect.Method.invoke(Method.java:577)\n\tat org.junit.platform.commons.util.ReflectionUtils.invokeMethod(ReflectionUtils.java:728)\n\tat org.junit.jupiter.engine.execution.MethodInvocation.proceed(MethodInvocation.java:60)\n\tat org.junit.jupiter.engine.execution.InvocationInterceptorChain$ValidatingInvocation.proceed(InvocationInterceptorChain.java:131)\n\tat org.junit.jupiter.api.extension.InvocationInterceptor.interceptTestMethod(InvocationInterceptor.java:119)\n\tat org.junit.jupiter.engine.execution.InterceptingExecutableInvoker$ReflectiveInterceptorCall.lambda$ofVoidMethod$0(InterceptingExecutableInvoker.java:103)\n\tat org.junit.jupiter.engine.execution.InterceptingExecutableInvoker.lambda$invoke$0(InterceptingExecutableInvoker.java:93)\n\tat org.junit.jupiter.engine.execution.InvocationInterceptorChain$InterceptedInvocation.proceed(InvocationInterceptorChain.java:106)\n\tat org.junit.jupiter.engine.extension.TimeoutExtension.intercept(TimeoutExtension.java:156)\n\tat org.junit.jupiter.engine.extension.TimeoutExtension.interceptTestableMethod(TimeoutExtension.java:147)\n\tat org.junit.jupiter.engine.extension.TimeoutExtension.interceptTestMethod(TimeoutExtension.java:86)\n\tat org.junit.jupiter.engine.execution.InterceptingExecutableInvoker$ReflectiveInterceptorCall.lambda$ofVoidMethod$0(InterceptingExecutableInvoker.java:103)\n\tat org.junit.jupiter.engine.execution.InterceptingExecutableInvoker.lambda$invoke$0(InterceptingExecutableInvoker.java:93)\n\tat org.junit.jupiter.engine.execution.InvocationInterceptorChain$InterceptedInvocation.proceed(InvocationInterceptorChain.java:106)\n\tat org.junit.jupiter.engine.execution.InvocationInterceptorChain.proceed(InvocationInterceptorChain.java:64)\n\tat org.junit.jupiter.engine.execution.InvocationInterceptorChain.chainAndInvoke(InvocationInterceptorChain.java:45)\n\tat org.junit.jupiter.engine.execution.InvocationInterceptorChain.invoke(InvocationInterceptorChain.java:37)\n\tat org.junit.jupiter.engine.execution.InterceptingExecutableInvoker.invoke(InterceptingExecutableInvoker.java:92)\n\tat org.junit.jupiter.engine.execution.InterceptingExecutableInvoker.invoke(InterceptingExecutableInvoker.java:86)\n\tat org.junit.jupiter.engine.descriptor.TestMethodTestDescriptor.lambda$invokeTestMethod$7(TestMethodTestDescriptor.java:218)\n\tat org.junit.platform.engine.support.hierarchical.ThrowableCollector.execute(ThrowableCollector.java:73)\n\tat org.junit.jupiter.engine.descriptor.TestMethodTestDescriptor.invokeTestMethod(TestMethodTestDescriptor.java:214)\n\tat org.junit.jupiter.engine.descriptor.TestMethodTestDescriptor.execute(TestMethodTestDescriptor.java:139)\n\tat org.junit.jupiter.engine.descriptor.TestMethodTestDescriptor.execute(TestMethodTestDescriptor.java:69)\n\tat org.junit.platform.engine.support.hierarchical.NodeTestTask.lambda$executeRecursively$6(NodeTestTask.java:151)\n\tat org.junit.platform.engine.support.hierarchical.ThrowableCollector.execute(ThrowableCollector.java:73)\n\tat org.junit.platform.engine.support.hierarchical.NodeTestTask.lambda$executeRecursively$8(NodeTestTask.java:141)\n\tat org.junit.platform.engine.support.hierarchical.Node.around(Node.java:137)\n\tat org.junit.platform.engine.support.hierarchical.NodeTestTask.lambda$executeRecursively$9(NodeTestTask.java:139)\n\tat org.junit.platform.engine.support.hierarchical.ThrowableCollector.execute(ThrowableCollector.java:73)\n\tat org.junit.platform.engine.support.hierarchical.NodeTestTask.executeRecursively(NodeTestTask.java:138)\n\tat org.junit.platform.engine.support.hierarchical.NodeTestTask.execute(NodeTestTask.java:95)\n\tat java.base/java.util.ArrayList.forEach(ArrayList.java:1511)\n\tat org.junit.platform.engine.support.hierarchical.SameThreadHierarchicalTestExecutorService.invokeAll(SameThreadHierarchicalTestExecutorService.java:41)\n\tat org.junit.platform.engine.support.hierarchical.NodeTestTask.lambda$executeRecursively$6(NodeTestTask.java:155)\n\tat org.junit.platform.engine.support.hierarchical.ThrowableCollector.execute(ThrowableCollector.java:73)\n\tat org.junit.platform.engine.support.hierarchical.NodeTestTask.lambda$executeRecursively$8(NodeTestTask.java:141)\n\tat org.junit.platform.engine.support.hierarchical.Node.around(Node.java:137)\n\tat org.junit.platform.engine.support.hierarchical.NodeTestTask.lambda$executeRecursively$9(NodeTestTask.java:139)\n\tat org.junit.platform.engine.support.hierarchical.ThrowableCollector.execute(ThrowableCollector.java:73)\n\tat org.junit.platform.engine.support.hierarchical.NodeTestTask.executeRecursively(NodeTestTask.java:138)\n\tat org.junit.platform.engine.support.hierarchical.NodeTestTask.execute(NodeTestTask.java:95)\n\tat java.base/java.util.ArrayList.forEach(ArrayList.java:1511)\n\tat org.junit.platform.engine.support.hierarchical.SameThreadHierarchicalTestExecutorService.invokeAll(SameThreadHierarchicalTestExecutorService.java:41)\n\tat org.junit.platform.engine.support.hierarchical.NodeTestTask.lambda$executeRecursively$6(NodeTestTask.java:155)\n\tat org.junit.platform.engine.support.hierarchical.ThrowableCollector.execute(ThrowableCollector.java:73)\n\tat org.junit.platform.engine.support.hierarchical.NodeTestTask.lambda$executeRecursively$8(NodeTestTask.java:141)\n\tat org.junit.platform.engine.support.hierarchical.Node.around(Node.java:137)\n\tat org.junit.platform.engine.support.hierarchical.NodeTestTask.lambda$executeRecursively$9(NodeTestTask.java:139)\n\tat org.junit.platform.engine.support.hierarchical.ThrowableCollector.execute(ThrowableCollector.java:73)\n\tat org.junit.platform.engine.support.hierarchical.NodeTestTask.executeRecursively(NodeTestTask.java:138)\n\tat org.junit.platform.engine.support.hierarchical.NodeTestTask.execute(NodeTestTask.java:95)\n\tat org.junit.platform.engine.support.hierarchical.SameThreadHierarchicalTestExecutorService.submit(SameThreadHierarchicalTestExecutorService.java:35)\n\tat org.junit.platform.engine.support.hierarchical.HierarchicalTestExecutor.execute(HierarchicalTestExecutor.java:57)\n\tat org.junit.platform.engine.support.hierarchical.HierarchicalTestEngine.execute(HierarchicalTestEngine.java:54)\n\tat org.junit.platform.launcher.core.EngineExecutionOrchestrator.execute(EngineExecutionOrchestrator.java:198)\n\tat org.junit.platform.launcher.core.EngineExecutionOrchestrator.execute(EngineExecutionOrchestrator.java:169)\n\tat org.junit.platform.launcher.core.EngineExecutionOrchestrator.execute(EngineExecutionOrchestrator.java:93)\n\tat org.junit.platform.launcher.core.EngineExecutionOrchestrator.lambda$execute$0(EngineExecutionOrchestrator.java:58)\n\tat org.junit.platform.launcher.core.EngineExecutionOrchestrator.withInterceptedStreams(EngineExecutionOrchestrator.java:141)\n\tat org.junit.platform.launcher.core.EngineExecutionOrchestrator.execute(EngineExecutionOrchestrator.java:57)\n\tat org.junit.platform.launcher.core.DefaultLauncher.execute(DefaultLauncher.java:103)\n\tat org.junit.platform.launcher.core.DefaultLauncher.execute(DefaultLauncher.java:85)\n\tat org.junit.platform.launcher.core.DelegatingLauncher.execute(DelegatingLauncher.java:47)\n\tat org.junit.platform.launcher.core.SessionPerRequestLauncher.execute(SessionPerRequestLauncher.java:63)\n\tat org.gradle.api.internal.tasks.testing.junitplatform.JUnitPlatformTestClassProcessor$CollectAllTestClassesExecutor.processAllTestClasses(JUnitPlatformTestClassProcessor.java:99)\n\tat org.gradle.api.internal.tasks.testing.junitplatform.JUnitPlatformTestClassProcessor$CollectAllTestClassesExecutor.access$000(JUnitPlatformTestClassProcessor.java:79)\n\tat org.gradle.api.internal.tasks.testing.junitplatform.JUnitPlatformTestClassProcessor.stop(JUnitPlatformTestClassProcessor.java:75)\n\tat org.gradle.api.internal.tasks.testing.SuiteTestClassProcessor.stop(SuiteTestClassProcessor.java:61)\n\tat java.base/jdk.internal.reflect.DirectMethodHandleAccessor.invoke(DirectMethodHandleAccessor.java:104)\n\tat java.base/java.lang.reflect.Method.invoke(Method.java:577)\n\tat org.gradle.internal.dispatch.ReflectionDispatch.dispatch(ReflectionDispatch.java:36)\n\tat org.gradle.internal.dispatch.ReflectionDispatch.dispatch(ReflectionDispatch.java:24)\n\tat org.gradle.internal.dispatch.ContextClassLoaderDispatch.dispatch(ContextClassLoaderDispatch.java:33)\n\tat org.gradle.internal.dispatch.ProxyDispatchAdapter$DispatchingInvocationHandler.invoke(ProxyDispatchAdapter.java:94)\n\tat jdk.proxy1/jdk.proxy1.$Proxy2.stop(Unknown Source)\n\tat org.gradle.api.internal.tasks.testing.worker.TestWorker$3.run(TestWorker.java:193)\n\tat org.gradle.api.internal.tasks.testing.worker.TestWorker.executeAndMaintainThreadName(TestWorker.java:129)\n\tat org.gradle.api.internal.tasks.testing.worker.TestWorker.execute(TestWorker.java:100)\n\tat org.gradle.api.internal.tasks.testing.worker.TestWorker.execute(TestWorker.java:60)\n\tat org.gradle.process.internal.worker.child.ActionExecutionWorker.execute(ActionExecutionWorker.java:56)\n\tat org.gradle.process.internal.worker.child.SystemApplicationClassLoaderWorker.call(SystemApplicationClassLoaderWorker.java:133)\n\tat org.gradle.process.internal.worker.child.SystemApplicationClassLoaderWorker.call(SystemApplicationClassLoaderWorker.java:71)\n\tat worker.org.gradle.process.internal.worker.GradleWorkerMain.run(GradleWorkerMain.java:69)\n\tat worker.org.gradle.process.internal.worker.GradleWorkerMain.main(GradleWorkerMain.java:74)\nCaused by: org.openqa.selenium.ElementClickInterceptedException: element click intercepted: Element <button id=\"submit\" type=\"button\" class=\"btn btn-primary\">...</button> is not clickable at point (1359, 918). Other element would receive the click: <iframe id=\"google_ads_iframe_/21849154601,22343295815/Ad.Plus-Anchor_0\" name=\"google_ads_iframe_/21849154601,22343295815/Ad.Plus-Anchor_0\" title=\"3rd party ad content\" width=\"970\" height=\"100\" scrolling=\"no\" marginwidth=\"0\" marginheight=\"0\" frameborder=\"0\" aria-label=\"Advertisement\" tabindex=\"0\" style=\"border: 0px; vertical-align: bottom;\" data-load-complete=\"true\" data-google-container-id=\"1\"></iframe>\n  (Session info: chrome=122.0.6261.94)\nBuild info: version: '4.20.0', revision: '866c76ca80'\nSystem info: os.name: 'Linux', os.arch: 'amd64', os.version: '6.5.0-1021-azure', java.version: '18.0.2'\nDriver info: org.openqa.selenium.remote.RemoteWebDriver\nCommand: [8079f063ab89da8105e40b41a59ed217, clickElement {id=f.1B9EDA98302E82C7B334FC544494C653.d.3B05C7B9C18E71975280B04B99E98D09.e.250}]\nCapabilities {acceptInsecureCerts: true, browserName: chrome, browserVersion: 122.0.6261.94, chrome: {chromedriverVersion: 122.0.6261.94 (880dbf29479c..., userDataDir: /tmp/.org.chromium.Chromium...}, fedcm:accounts: true, goog:chromeOptions: {debuggerAddress: localhost:41865}, networkConnectionEnabled: false, pageLoadStrategy: eager, platformName: linux, proxy: Proxy(), se:cdp: ws://selenoid.autotests.clo..., setWindowRect: true, strictFileInteractability: false, timeouts: {implicit: 0, pageLoad: 300000, script: 30000}, unhandledPromptBehavior: accept, webauthn:extension:credBlob: true, webauthn:extension:largeBlob: true, webauthn:extension:minPinLength: true, webauthn:extension:prf: true, webauthn:virtualAuthenticators: true}\nElement: [[RemoteWebDriver: chrome on linux (8079f063ab89da8105e40b41a59ed217)] -> css selector: #submit]\nSession ID: 8079f063ab89da8105e40b41a59ed217\n\tat java.base/jdk.internal.reflect.DirectConstructorHandleAccessor.newInstance(DirectConstructorHandleAccessor.java:67)\n\tat java.base/java.lang.reflect.Constructor.newInstanceWithCaller(Constructor.java:499)\n\tat java.base/java.lang.reflect.Constructor.newInstance(Constructor.java:483)\n\tat org.openqa.selenium.remote.ErrorCodec.decode(ErrorCodec.java:167)\n\tat org.openqa.selenium.remote.codec.w3c.W3CHttpResponseCodec.decode(W3CHttpResponseCodec.java:138)\n\tat org.openqa.selenium.remote.codec.w3c.W3CHttpResponseCodec.decode(W3CHttpResponseCodec.java:50)\n\tat org.openqa.selenium.remote.HttpCommandExecutor.execute(HttpCommandExecutor.java:190)\n\tat org.openqa.selenium.remote.RemoteWebDriver.execute(RemoteWebDriver.java:518)\n\tat org.openqa.selenium.remote.RemoteWebElement.execute(RemoteWebElement.java:223)\n\tat org.openqa.selenium.remote.RemoteWebElement.click(RemoteWebElement.java:76)\n\tat com.codeborne.selenide.commands.Click.defaultClick(Click.java:106)\n\tat com.codeborne.selenide.commands.Click.doClick(Click.java:83)\n\tat com.codeborne.selenide.commands.Click.click(Click.java:59)\n\tat com.codeborne.selenide.commands.Click.execute(Click.java:34)\n\tat com.codeborne.selenide.commands.Click.execute(Click.java:26)\n\tat com.codeborne.selenide.commands.Commands.execute(Commands.java:162)\n\tat com.codeborne.selenide.impl.SelenideElementProxy.dispatchAndRetry(SelenideElementProxy.java:134)\n\t... 89 more\n","steps":[],"attachments":[{"uid":"c68420c94a315da2","name":"Screenshot","source":"c68420c94a315da2.png","type":"image/png","size":701582},{"uid":"ecc586a4465f2558","name":"Page source","source":"ecc586a4465f2558.html","type":"text/html","size":41910}],"parameters":[],"shouldDisplayMessage":true,"stepsCount":0,"attachmentsCount":2,"hasContent":true,"attachmentStep":false}],"attachments":[{"uid":"c87da8a13308258a","name":"Screenshot","source":"c87da8a13308258a.png","type":"image/png","size":701565},{"uid":"90d3ecc9326651ca","name":"Page source","source":"90d3ecc9326651ca.html","type":"text/html","size":41910}],"parameters":[],"shouldDisplayMessage":false,"stepsCount":1,"attachmentsCount":4,"hasContent":true,"attachmentStep":false}],"attachments":[],"parameters":[],"shouldDisplayMessage":false,"stepsCount":12,"attachmentsCount":4,"hasContent":true,"attachmentStep":false},"afterStages":[],"labels":[{"name":"junit.platform.uniqueid","value":"[engine:junit-jupiter]/[class:com.qaguru.tests.TextboxTests]/[method:successTest()]"},{"name":"host","value":"fv-az1113-197"},{"name":"thread","value":"2661@fv-az1113-197.Test worker(1)"},{"name":"framework","value":"junit-platform"},{"name":"language","value":"java"},{"name":"package","value":"com.qaguru.tests.TextboxTests"},{"name":"testClass","value":"com.qaguru.tests.TextboxTests"},{"name":"testMethod","value":"successTest"},{"name":"suite","value":"com.qaguru.tests.TextboxTests"},{"name":"resultFormat","value":"allure2"}],"parameters":[],"links":[],"hidden":false,"retry":false,"extra":{"severity":"normal","retries":[],"categories":[{"name":"Product defects","matchedStatuses":[],"flaky":false}],"history":{"statistic":{"failed":2,"broken":2,"skipped":0,"passed":0,"unknown":0,"total":4},"items":[{"uid":"e32879ed82c168b","reportUrl":"https://OlgaSamorodnova.github.io/qa_tests_20_3/10//#testresult/e32879ed82c168b","status":"failed","statusDetails":"Invalid element state [#submit]: element click intercepted: Element <button id=\"submit\" type=\"button\" class=\"btn btn-primary\">...</button> is not clickable at point (1359, 918). Other element would receive the click: <iframe id=\"google_ads_iframe_/21849154601,22343295815/Ad.Plus-Anchor_0\" name=\"google_ads_iframe_/21849154601,22343295815/Ad.Plus-Anchor_0\" title=\"3rd party ad content\" width=\"970\" height=\"100\" scrolling=\"no\" marginwidth=\"0\" marginheight=\"0\" frameborder=\"0\" aria-label=\"Advertisement\" tabindex=\"0\" style=\"border: 0px; vertical-align: bottom;\" data-load-complete=\"true\" data-google-container-id=\"1\"></iframe>\nScreenshot: file:/home/runner/work/qa_tests_20_3/qa_tests_20_3/build/reports/tests/1718112912915.5.png\nPage source: file:/home/runner/work/qa_tests_20_3/qa_tests_20_3/build/reports/tests/1718112912915.5.html\nTimeout: 10 s.\nCaused by: ElementClickInterceptedException: element click intercepted: Element <button id=\"submit\" type=\"button\" class=\"btn btn-primary\">...</button> is not clickable at point (1359, 918). Other element would receive the click: <iframe id=\"google_ads_iframe_/21849154601,22343295815/Ad.Plus-Anchor_0\" name=\"google_ads_iframe_/21849154601,22343295815/Ad.Plus-Anchor_0\" title=\"3rd party ad content\" width=\"970\" height=\"100\" scrolling=\"no\" marginwidth=\"0\" marginheight=\"0\" frameborder=\"0\" aria-label=\"Advertisement\" tabindex=\"0\" style=\"border: 0px; vertical-align: bottom;\" data-load-complete=\"true\" data-google-container-id=\"1\"></iframe>","time":{"start":1718112897339,"stop":1718112915939,"duration":18600}},{"uid":"db9ab4bfe7b14f39","reportUrl":"https://OlgaSamorodnova.github.io/qa_tests_20_3/9//#testresult/db9ab4bfe7b14f39","status":"broken","statusDetails":"Could not start a new session. Response code 500. Message: session not created: Chrome failed to start: exited normally.\n  (session not created: DevToolsActivePort file doesn't exist)\n  (The process started from chrome location /usr/bin/google-chrome is no longer running, so ChromeDriver is assuming that Chrome has crashed.) \nHost info: host: 'fv-az1984-12', ip: '10.1.0.38'\nBuild info: version: '4.20.0', revision: '866c76ca80'\nSystem info: os.name: 'Linux', os.arch: 'amd64', os.version: '6.5.0-1021-azure', java.version: '18.0.2'\nDriver info: org.openqa.selenium.chrome.ChromeDriver\nCommand: [null, newSession {capabilities=[Capabilities {acceptInsecureCerts: true, browserName: chrome, goog:chromeOptions: {args: [--proxy-bypass-list=<-loopb..., --disable-dev-shm-usage, --window-size=1920,1080], binary: /usr/bin/google-chrome, excludeSwitches: [enable-automation, load-extension], extensions: [], prefs: {credentials_enable_service: false, download.default_directory: /home/runner/work/qa_tests_..., plugins.always_open_pdf_externally: true, profile.default_content_setting_values.automatic_downloads: 1, profile.password_manager_enabled: false, profile.password_manager_leak_detection: false, safebrowsing.enabled: true}}, pageLoadStrategy: eager, unhandledPromptBehavior: accept}]}]\nselenide.url: https://demoqa.com/text-box\nselenide.baseUrl: https://demoqa.com","time":{"start":1718112440193,"stop":1718112440398,"duration":205}},{"uid":"141526fafe86afb3","reportUrl":"https://OlgaSamorodnova.github.io/qa_tests_20_3/8//#testresult/141526fafe86afb3","status":"broken","statusDetails":"Could not start a new session. Response code 500. Message: session not created: Chrome failed to start: exited normally.\n  (session not created: DevToolsActivePort file doesn't exist)\n  (The process started from chrome location /opt/google/chrome/google-chrome is no longer running, so ChromeDriver is assuming that Chrome has crashed.) \nHost info: host: 'fv-az566-206', ip: '10.1.0.181'\nBuild info: version: '4.13.0', revision: 'ba948ece5b*'\nSystem info: os.name: 'Linux', os.arch: 'amd64', os.version: '6.5.0-1021-azure', java.version: '18.0.2'\nDriver info: org.openqa.selenium.chrome.ChromeDriver\nCommand: [null, newSession {capabilities=[Capabilities {acceptInsecureCerts: true, browserName: chrome, goog:chromeOptions: {args: [--remote-allow-origins=*, --proxy-bypass-list=<-loopb..., --disable-dev-shm-usage, --window-size=1920,1080], binary: /opt/google/chrome/google-c..., excludeSwitches: [enable-automation, load-extension], extensions: [], prefs: {credentials_enable_service: false, download.default_directory: /home/runner/work/qa_tests_..., plugins.always_open_pdf_externally: true, profile.default_content_setting_values.automatic_downloads: 1, safebrowsing.enabled: true}}, pageLoadStrategy: eager, unhandledPromptBehavior: accept}]}]\nselenide.url: https://demoqa.com/text-box\nselenide.baseUrl: https://demoqa.com","time":{"start":1718111143835,"stop":1718111144140,"duration":305}}]},"tags":[]},"source":"c1cde83079870a2e.json","parameterValues":[]}