{"uid":"d78e4358fc3907bf","name":"successTest()","fullName":"com.qaguru.tests.StudentRegistrationTests.successTest","historyId":"a1d317c66d83ee8a21cbbbc573c1ba22","time":{"start":1718640426701,"stop":1718640451221,"duration":24520},"description":"","status":"failed","statusMessage":"Invalid element state [#stateCity-wrapper/#state]: element click intercepted: Element <div class=\" css-2b097c-container\" id=\"state\">...</div> is not clickable at point (870, 975). Other element would receive the click: <iframe frameborder=\"0\" src=\"https://87644657e27c5b4d27fc6cf32fd7ffb7.safeframe.googlesyndication.com/safeframe/1-0-40/html/container.html\" id=\"google_ads_iframe_/21849154601,22343295815/Ad.Plus-300x250_1\" title=\"3rd party ad content\" name=\"\" scrolling=\"no\" marginwidth=\"0\" marginheight=\"0\" width=\"1005\" height=\"124\" data-is-safeframe=\"true\" sandbox=\"allow-forms allow-popups allow-popups-to-escape-sandbox allow-same-origin allow-scripts allow-top-navigation-by-user-activation\" aria-label=\"Advertisement\" tabindex=\"0\" data-google-container-id=\"6\" style=\"border: 0px; vertical-align: bottom; max-height: 30vh !important; overflow: hidden !important; display: block; margin: 0px auto;\" data-load-complete=\"true\"></iframe>\nScreenshot: file:/home/runner/work/qa_tests_20_3/qa_tests_20_3/build/reports/tests/1718640448855.2.png\nPage source: file:/home/runner/work/qa_tests_20_3/qa_tests_20_3/build/reports/tests/1718640448855.2.html\nTimeout: 10 s.\nCaused by: ElementClickInterceptedException: element click intercepted: Element <div class=\" css-2b097c-container\" id=\"state\">...</div> is not clickable at point (870, 975). Other element would receive the click: <iframe frameborder=\"0\" src=\"https://87644657e27c5b4d27fc6cf32fd7ffb7.safeframe.googlesyndication.com/safeframe/1-0-40/html/container.html\" id=\"google_ads_iframe_/21849154601,22343295815/Ad.Plus-300x250_1\" title=\"3rd party ad content\" name=\"\" scrolling=\"no\" marginwidth=\"0\" marginheight=\"0\" width=\"1005\" height=\"124\" data-is-safeframe=\"true\" sandbox=\"allow-forms allow-popups allow-popups-to-escape-sandbox allow-same-origin allow-scripts allow-top-navigation-by-user-activation\" aria-label=\"Advertisement\" tabindex=\"0\" data-google-container-id=\"6\" style=\"border: 0px; vertical-align: bottom; max-height: 30vh !important; overflow: hidden !important; display: block; margin: 0px auto;\" data-load-complete=\"true\"></iframe>","statusTrace":"Invalid element state [#stateCity-wrapper/#state]: element click intercepted: Element <div class=\" css-2b097c-container\" id=\"state\">...</div> is not clickable at point (870, 975). Other element would receive the click: <iframe frameborder=\"0\" src=\"https://87644657e27c5b4d27fc6cf32fd7ffb7.safeframe.googlesyndication.com/safeframe/1-0-40/html/container.html\" id=\"google_ads_iframe_/21849154601,22343295815/Ad.Plus-300x250_1\" title=\"3rd party ad content\" name=\"\" scrolling=\"no\" marginwidth=\"0\" marginheight=\"0\" width=\"1005\" height=\"124\" data-is-safeframe=\"true\" sandbox=\"allow-forms allow-popups allow-popups-to-escape-sandbox allow-same-origin allow-scripts allow-top-navigation-by-user-activation\" aria-label=\"Advertisement\" tabindex=\"0\" data-google-container-id=\"6\" style=\"border: 0px; vertical-align: bottom; max-height: 30vh !important; overflow: hidden !important; display: block; margin: 0px auto;\" data-load-complete=\"true\"></iframe>\nScreenshot: file:/home/runner/work/qa_tests_20_3/qa_tests_20_3/build/reports/tests/1718640448855.2.png\nPage source: file:/home/runner/work/qa_tests_20_3/qa_tests_20_3/build/reports/tests/1718640448855.2.html\nTimeout: 10 s.\nCaused by: ElementClickInterceptedException: element click intercepted: Element <div class=\" css-2b097c-container\" id=\"state\">...</div> is not clickable at point (870, 975). Other element would receive the click: <iframe frameborder=\"0\" src=\"https://87644657e27c5b4d27fc6cf32fd7ffb7.safeframe.googlesyndication.com/safeframe/1-0-40/html/container.html\" id=\"google_ads_iframe_/21849154601,22343295815/Ad.Plus-300x250_1\" title=\"3rd party ad content\" name=\"\" scrolling=\"no\" marginwidth=\"0\" marginheight=\"0\" width=\"1005\" height=\"124\" data-is-safeframe=\"true\" sandbox=\"allow-forms allow-popups allow-popups-to-escape-sandbox allow-same-origin allow-scripts allow-top-navigation-by-user-activation\" aria-label=\"Advertisement\" tabindex=\"0\" data-google-container-id=\"6\" style=\"border: 0px; vertical-align: bottom; max-height: 30vh !important; overflow: hidden !important; display: block; margin: 0px auto;\" data-load-complete=\"true\"></iframe>\n\tat com.codeborne.selenide.impl.ExceptionWrapper.wrap(ExceptionWrapper.java:26)\n\tat com.codeborne.selenide.impl.SelenideElementProxy.dispatchAndRetry(SelenideElementProxy.java:156)\n\tat com.codeborne.selenide.impl.SelenideElementProxy.invoke(SelenideElementProxy.java:86)\n\tat jdk.proxy3/jdk.proxy3.$Proxy38.click(Unknown Source)\n\tat com.qaguru.tests.StudentRegistrationTests.successTest(StudentRegistrationTests.java:42)\n\tat java.base/java.lang.reflect.Method.invoke(Method.java:577)\n\tat java.base/java.util.ArrayList.forEach(ArrayList.java:1511)\n\tat java.base/java.util.ArrayList.forEach(ArrayList.java:1511)\nCaused by: org.openqa.selenium.ElementClickInterceptedException: element click intercepted: Element <div class=\" css-2b097c-container\" id=\"state\">...</div> is not clickable at point (870, 975). Other element would receive the click: <iframe frameborder=\"0\" src=\"https://87644657e27c5b4d27fc6cf32fd7ffb7.safeframe.googlesyndication.com/safeframe/1-0-40/html/container.html\" id=\"google_ads_iframe_/21849154601,22343295815/Ad.Plus-300x250_1\" title=\"3rd party ad content\" name=\"\" scrolling=\"no\" marginwidth=\"0\" marginheight=\"0\" width=\"1005\" height=\"124\" data-is-safeframe=\"true\" sandbox=\"allow-forms allow-popups allow-popups-to-escape-sandbox allow-same-origin allow-scripts allow-top-navigation-by-user-activation\" aria-label=\"Advertisement\" tabindex=\"0\" data-google-container-id=\"6\" style=\"border: 0px; vertical-align: bottom; max-height: 30vh !important; overflow: hidden !important; display: block; margin: 0px auto;\" data-load-complete=\"true\"></iframe>\n  (Session info: chrome=122.0.6261.94)\nBuild info: version: '4.20.0', revision: '866c76ca80'\nSystem info: os.name: 'Linux', os.arch: 'amd64', os.version: '6.5.0-1021-azure', java.version: '18.0.2'\nDriver info: org.openqa.selenium.remote.RemoteWebDriver\nCommand: [7da7c41fdf78f9bb87fdff416de11472, clickElement {id=f.F7389E000EEB62EAD12DC3CD48EB2991.d.9E1D4F0AD341CE11E5BA6CFDC16690DE.e.64}]\nCapabilities {acceptInsecureCerts: true, browserName: chrome, browserVersion: 122.0.6261.94, chrome: {chromedriverVersion: 122.0.6261.94 (880dbf29479c..., userDataDir: /tmp/.org.chromium.Chromium...}, fedcm:accounts: true, goog:chromeOptions: {debuggerAddress: localhost:42435}, networkConnectionEnabled: false, pageLoadStrategy: eager, platformName: linux, proxy: Proxy(), se:cdp: ws://selenoid.autotests.clo..., setWindowRect: true, strictFileInteractability: false, timeouts: {implicit: 0, pageLoad: 300000, script: 30000}, unhandledPromptBehavior: accept, webauthn:extension:credBlob: true, webauthn:extension:largeBlob: true, webauthn:extension:minPinLength: true, webauthn:extension:prf: true, webauthn:virtualAuthenticators: true}\nElement: [[[[RemoteWebDriver: chrome on linux (7da7c41fdf78f9bb87fdff416de11472)] -> css selector: #stateCity-wrapper]] -> css selector: #state]\nSession ID: 7da7c41fdf78f9bb87fdff416de11472\n\tat java.base/jdk.internal.reflect.DirectConstructorHandleAccessor.newInstance(DirectConstructorHandleAccessor.java:67)\n\tat java.base/java.lang.reflect.Constructor.newInstanceWithCaller(Constructor.java:499)\n\tat java.base/java.lang.reflect.Constructor.newInstance(Constructor.java:483)\n\tat org.openqa.selenium.remote.ErrorCodec.decode(ErrorCodec.java:167)\n\tat org.openqa.selenium.remote.codec.w3c.W3CHttpResponseCodec.decode(W3CHttpResponseCodec.java:138)\n\tat org.openqa.selenium.remote.codec.w3c.W3CHttpResponseCodec.decode(W3CHttpResponseCodec.java:50)\n\tat org.openqa.selenium.remote.HttpCommandExecutor.execute(HttpCommandExecutor.java:190)\n\tat org.openqa.selenium.remote.RemoteWebDriver.execute(RemoteWebDriver.java:518)\n\tat org.openqa.selenium.remote.RemoteWebElement.execute(RemoteWebElement.java:223)\n\tat org.openqa.selenium.remote.RemoteWebElement.click(RemoteWebElement.java:76)\n\tat com.codeborne.selenide.commands.Click.defaultClick(Click.java:106)\n\tat com.codeborne.selenide.commands.Click.doClick(Click.java:83)\n\tat com.codeborne.selenide.commands.Click.click(Click.java:59)\n\tat com.codeborne.selenide.commands.Click.execute(Click.java:34)\n\tat com.codeborne.selenide.commands.Click.execute(Click.java:26)\n\tat com.codeborne.selenide.commands.Commands.execute(Commands.java:162)\n\tat com.codeborne.selenide.impl.SelenideElementProxy.dispatchAndRetry(SelenideElementProxy.java:134)\n\t... 6 more\n","flaky":false,"newFailed":true,"newBroken":false,"newPassed":false,"retriesCount":0,"retriesStatusChange":false,"beforeStages":[{"name":"beforeAll","time":{"start":1718640426699,"stop":1718640426700,"duration":1},"status":"passed","steps":[],"attachments":[],"parameters":[],"shouldDisplayMessage":false,"stepsCount":0,"attachmentsCount":0,"hasContent":false,"attachmentStep":false}],"testStage":{"description":"","status":"failed","statusMessage":"Invalid element state [#stateCity-wrapper/#state]: element click intercepted: Element <div class=\" css-2b097c-container\" id=\"state\">...</div> is not clickable at point (870, 975). Other element would receive the click: <iframe frameborder=\"0\" src=\"https://87644657e27c5b4d27fc6cf32fd7ffb7.safeframe.googlesyndication.com/safeframe/1-0-40/html/container.html\" id=\"google_ads_iframe_/21849154601,22343295815/Ad.Plus-300x250_1\" title=\"3rd party ad content\" name=\"\" scrolling=\"no\" marginwidth=\"0\" marginheight=\"0\" width=\"1005\" height=\"124\" data-is-safeframe=\"true\" sandbox=\"allow-forms allow-popups allow-popups-to-escape-sandbox allow-same-origin allow-scripts allow-top-navigation-by-user-activation\" aria-label=\"Advertisement\" tabindex=\"0\" data-google-container-id=\"6\" style=\"border: 0px; vertical-align: bottom; max-height: 30vh !important; overflow: hidden !important; display: block; margin: 0px auto;\" data-load-complete=\"true\"></iframe>\nScreenshot: file:/home/runner/work/qa_tests_20_3/qa_tests_20_3/build/reports/tests/1718640448855.2.png\nPage source: file:/home/runner/work/qa_tests_20_3/qa_tests_20_3/build/reports/tests/1718640448855.2.html\nTimeout: 10 s.\nCaused by: ElementClickInterceptedException: element click intercepted: Element <div class=\" css-2b097c-container\" id=\"state\">...</div> is not clickable at point (870, 975). Other element would receive the click: <iframe frameborder=\"0\" src=\"https://87644657e27c5b4d27fc6cf32fd7ffb7.safeframe.googlesyndication.com/safeframe/1-0-40/html/container.html\" id=\"google_ads_iframe_/21849154601,22343295815/Ad.Plus-300x250_1\" title=\"3rd party ad content\" name=\"\" scrolling=\"no\" marginwidth=\"0\" marginheight=\"0\" width=\"1005\" height=\"124\" data-is-safeframe=\"true\" sandbox=\"allow-forms allow-popups allow-popups-to-escape-sandbox allow-same-origin allow-scripts allow-top-navigation-by-user-activation\" aria-label=\"Advertisement\" tabindex=\"0\" data-google-container-id=\"6\" style=\"border: 0px; vertical-align: bottom; max-height: 30vh !important; overflow: hidden !important; display: block; margin: 0px auto;\" data-load-complete=\"true\"></iframe>","statusTrace":"Invalid element state [#stateCity-wrapper/#state]: element click intercepted: Element <div class=\" css-2b097c-container\" id=\"state\">...</div> is not clickable at point (870, 975). Other element would receive the click: <iframe frameborder=\"0\" src=\"https://87644657e27c5b4d27fc6cf32fd7ffb7.safeframe.googlesyndication.com/safeframe/1-0-40/html/container.html\" id=\"google_ads_iframe_/21849154601,22343295815/Ad.Plus-300x250_1\" title=\"3rd party ad content\" name=\"\" scrolling=\"no\" marginwidth=\"0\" marginheight=\"0\" width=\"1005\" height=\"124\" data-is-safeframe=\"true\" sandbox=\"allow-forms allow-popups allow-popups-to-escape-sandbox allow-same-origin allow-scripts allow-top-navigation-by-user-activation\" aria-label=\"Advertisement\" tabindex=\"0\" data-google-container-id=\"6\" style=\"border: 0px; vertical-align: bottom; max-height: 30vh !important; overflow: hidden !important; display: block; margin: 0px auto;\" data-load-complete=\"true\"></iframe>\nScreenshot: file:/home/runner/work/qa_tests_20_3/qa_tests_20_3/build/reports/tests/1718640448855.2.png\nPage source: file:/home/runner/work/qa_tests_20_3/qa_tests_20_3/build/reports/tests/1718640448855.2.html\nTimeout: 10 s.\nCaused by: ElementClickInterceptedException: element click intercepted: Element <div class=\" css-2b097c-container\" id=\"state\">...</div> is not clickable at point (870, 975). Other element would receive the click: <iframe frameborder=\"0\" src=\"https://87644657e27c5b4d27fc6cf32fd7ffb7.safeframe.googlesyndication.com/safeframe/1-0-40/html/container.html\" id=\"google_ads_iframe_/21849154601,22343295815/Ad.Plus-300x250_1\" title=\"3rd party ad content\" name=\"\" scrolling=\"no\" marginwidth=\"0\" marginheight=\"0\" width=\"1005\" height=\"124\" data-is-safeframe=\"true\" sandbox=\"allow-forms allow-popups allow-popups-to-escape-sandbox allow-same-origin allow-scripts allow-top-navigation-by-user-activation\" aria-label=\"Advertisement\" tabindex=\"0\" data-google-container-id=\"6\" style=\"border: 0px; vertical-align: bottom; max-height: 30vh !important; overflow: hidden !important; display: block; margin: 0px auto;\" data-load-complete=\"true\"></iframe>\n\tat com.codeborne.selenide.impl.ExceptionWrapper.wrap(ExceptionWrapper.java:26)\n\tat com.codeborne.selenide.impl.SelenideElementProxy.dispatchAndRetry(SelenideElementProxy.java:156)\n\tat com.codeborne.selenide.impl.SelenideElementProxy.invoke(SelenideElementProxy.java:86)\n\tat jdk.proxy3/jdk.proxy3.$Proxy38.click(Unknown Source)\n\tat com.qaguru.tests.StudentRegistrationTests.successTest(StudentRegistrationTests.java:42)\n\tat java.base/java.lang.reflect.Method.invoke(Method.java:577)\n\tat java.base/java.util.ArrayList.forEach(ArrayList.java:1511)\n\tat java.base/java.util.ArrayList.forEach(ArrayList.java:1511)\nCaused by: org.openqa.selenium.ElementClickInterceptedException: element click intercepted: Element <div class=\" css-2b097c-container\" id=\"state\">...</div> is not clickable at point (870, 975). Other element would receive the click: <iframe frameborder=\"0\" src=\"https://87644657e27c5b4d27fc6cf32fd7ffb7.safeframe.googlesyndication.com/safeframe/1-0-40/html/container.html\" id=\"google_ads_iframe_/21849154601,22343295815/Ad.Plus-300x250_1\" title=\"3rd party ad content\" name=\"\" scrolling=\"no\" marginwidth=\"0\" marginheight=\"0\" width=\"1005\" height=\"124\" data-is-safeframe=\"true\" sandbox=\"allow-forms allow-popups allow-popups-to-escape-sandbox allow-same-origin allow-scripts allow-top-navigation-by-user-activation\" aria-label=\"Advertisement\" tabindex=\"0\" data-google-container-id=\"6\" style=\"border: 0px; vertical-align: bottom; max-height: 30vh !important; overflow: hidden !important; display: block; margin: 0px auto;\" data-load-complete=\"true\"></iframe>\n  (Session info: chrome=122.0.6261.94)\nBuild info: version: '4.20.0', revision: '866c76ca80'\nSystem info: os.name: 'Linux', os.arch: 'amd64', os.version: '6.5.0-1021-azure', java.version: '18.0.2'\nDriver info: org.openqa.selenium.remote.RemoteWebDriver\nCommand: [7da7c41fdf78f9bb87fdff416de11472, clickElement {id=f.F7389E000EEB62EAD12DC3CD48EB2991.d.9E1D4F0AD341CE11E5BA6CFDC16690DE.e.64}]\nCapabilities {acceptInsecureCerts: true, browserName: chrome, browserVersion: 122.0.6261.94, chrome: {chromedriverVersion: 122.0.6261.94 (880dbf29479c..., userDataDir: /tmp/.org.chromium.Chromium...}, fedcm:accounts: true, goog:chromeOptions: {debuggerAddress: localhost:42435}, networkConnectionEnabled: false, pageLoadStrategy: eager, platformName: linux, proxy: Proxy(), se:cdp: ws://selenoid.autotests.clo..., setWindowRect: true, strictFileInteractability: false, timeouts: {implicit: 0, pageLoad: 300000, script: 30000}, unhandledPromptBehavior: accept, webauthn:extension:credBlob: true, webauthn:extension:largeBlob: true, webauthn:extension:minPinLength: true, webauthn:extension:prf: true, webauthn:virtualAuthenticators: true}\nElement: [[[[RemoteWebDriver: chrome on linux (7da7c41fdf78f9bb87fdff416de11472)] -> css selector: #stateCity-wrapper]] -> css selector: #state]\nSession ID: 7da7c41fdf78f9bb87fdff416de11472\n\tat java.base/jdk.internal.reflect.DirectConstructorHandleAccessor.newInstance(DirectConstructorHandleAccessor.java:67)\n\tat java.base/java.lang.reflect.Constructor.newInstanceWithCaller(Constructor.java:499)\n\tat java.base/java.lang.reflect.Constructor.newInstance(Constructor.java:483)\n\tat org.openqa.selenium.remote.ErrorCodec.decode(ErrorCodec.java:167)\n\tat org.openqa.selenium.remote.codec.w3c.W3CHttpResponseCodec.decode(W3CHttpResponseCodec.java:138)\n\tat org.openqa.selenium.remote.codec.w3c.W3CHttpResponseCodec.decode(W3CHttpResponseCodec.java:50)\n\tat org.openqa.selenium.remote.HttpCommandExecutor.execute(HttpCommandExecutor.java:190)\n\tat org.openqa.selenium.remote.RemoteWebDriver.execute(RemoteWebDriver.java:518)\n\tat org.openqa.selenium.remote.RemoteWebElement.execute(RemoteWebElement.java:223)\n\tat org.openqa.selenium.remote.RemoteWebElement.click(RemoteWebElement.java:76)\n\tat com.codeborne.selenide.commands.Click.defaultClick(Click.java:106)\n\tat com.codeborne.selenide.commands.Click.doClick(Click.java:83)\n\tat com.codeborne.selenide.commands.Click.click(Click.java:59)\n\tat com.codeborne.selenide.commands.Click.execute(Click.java:34)\n\tat com.codeborne.selenide.commands.Click.execute(Click.java:26)\n\tat com.codeborne.selenide.commands.Commands.execute(Commands.java:162)\n\tat com.codeborne.selenide.impl.SelenideElementProxy.dispatchAndRetry(SelenideElementProxy.java:134)\n\t... 6 more\n","steps":[{"name":"$(\"open\") https://demoqa.com/automation-practice-form","time":{"start":1718640426701,"stop":1718640427242,"duration":541},"status":"passed","steps":[{"name":"$(\"open\") https://demoqa.com/automation-practice-form","time":{"start":1718640426701,"stop":1718640427242,"duration":541},"status":"passed","steps":[],"attachments":[],"parameters":[],"shouldDisplayMessage":false,"stepsCount":0,"attachmentsCount":0,"hasContent":false,"attachmentStep":false}],"attachments":[],"parameters":[],"shouldDisplayMessage":false,"stepsCount":1,"attachmentsCount":0,"hasContent":true,"attachmentStep":false},{"name":"$(\"#firstName\") set value(Ivan)","time":{"start":1718640427514,"stop":1718640428343,"duration":829},"status":"passed","steps":[{"name":"$(\"#firstName\") set value(Ivan)","time":{"start":1718640427514,"stop":1718640428343,"duration":829},"status":"passed","steps":[],"attachments":[],"parameters":[],"shouldDisplayMessage":false,"stepsCount":0,"attachmentsCount":0,"hasContent":false,"attachmentStep":false}],"attachments":[],"parameters":[],"shouldDisplayMessage":false,"stepsCount":1,"attachmentsCount":0,"hasContent":true,"attachmentStep":false},{"name":"$(\"#lastName\") set value(Ivanov)","time":{"start":1718640428343,"stop":1718640429148,"duration":805},"status":"passed","steps":[{"name":"$(\"#lastName\") set value(Ivanov)","time":{"start":1718640428343,"stop":1718640429148,"duration":805},"status":"passed","steps":[],"attachments":[],"parameters":[],"shouldDisplayMessage":false,"stepsCount":0,"attachmentsCount":0,"hasContent":false,"attachmentStep":false}],"attachments":[],"parameters":[],"shouldDisplayMessage":false,"stepsCount":1,"attachmentsCount":0,"hasContent":true,"attachmentStep":false},{"name":"$(\"#userEmail\") set value(test@test.com)","time":{"start":1718640429148,"stop":1718640429955,"duration":807},"status":"passed","steps":[{"name":"$(\"#userEmail\") set value(test@test.com)","time":{"start":1718640429148,"stop":1718640429955,"duration":807},"status":"passed","steps":[],"attachments":[],"parameters":[],"shouldDisplayMessage":false,"stepsCount":0,"attachmentsCount":0,"hasContent":false,"attachmentStep":false}],"attachments":[],"parameters":[],"shouldDisplayMessage":false,"stepsCount":1,"attachmentsCount":0,"hasContent":true,"attachmentStep":false},{"name":"$(\"#genterWrapper/by text: Male\") click()","time":{"start":1718640429955,"stop":1718640430635,"duration":680},"status":"passed","steps":[{"name":"$(\"#genterWrapper/by text: Male\") click()","time":{"start":1718640429955,"stop":1718640430635,"duration":680},"status":"passed","steps":[],"attachments":[],"parameters":[],"shouldDisplayMessage":false,"stepsCount":0,"attachmentsCount":0,"hasContent":false,"attachmentStep":false}],"attachments":[],"parameters":[],"shouldDisplayMessage":false,"stepsCount":1,"attachmentsCount":0,"hasContent":true,"attachmentStep":false},{"name":"$(\"#userNumber\") set value(1234567890)","time":{"start":1718640430635,"stop":1718640431457,"duration":822},"status":"passed","steps":[{"name":"$(\"#userNumber\") set value(1234567890)","time":{"start":1718640430635,"stop":1718640431457,"duration":822},"status":"passed","steps":[],"attachments":[],"parameters":[],"shouldDisplayMessage":false,"stepsCount":0,"attachmentsCount":0,"hasContent":false,"attachmentStep":false}],"attachments":[],"parameters":[],"shouldDisplayMessage":false,"stepsCount":1,"attachmentsCount":0,"hasContent":true,"attachmentStep":false},{"name":"$(\"#dateOfBirthInput\") click()","time":{"start":1718640431457,"stop":1718640432028,"duration":571},"status":"passed","steps":[{"name":"$(\"#dateOfBirthInput\") click()","time":{"start":1718640431457,"stop":1718640432028,"duration":571},"status":"passed","steps":[],"attachments":[],"parameters":[],"shouldDisplayMessage":false,"stepsCount":0,"attachmentsCount":0,"hasContent":false,"attachmentStep":false}],"attachments":[],"parameters":[],"shouldDisplayMessage":false,"stepsCount":1,"attachmentsCount":0,"hasContent":true,"attachmentStep":false},{"name":"$(\".react-datepicker__month-select\") select option(March)","time":{"start":1718640432028,"stop":1718640432300,"duration":272},"status":"passed","steps":[{"name":"$(\".react-datepicker__month-select\") select option(March)","time":{"start":1718640432028,"stop":1718640432300,"duration":272},"status":"passed","steps":[],"attachments":[],"parameters":[],"shouldDisplayMessage":false,"stepsCount":0,"attachmentsCount":0,"hasContent":false,"attachmentStep":false}],"attachments":[],"parameters":[],"shouldDisplayMessage":false,"stepsCount":1,"attachmentsCount":0,"hasContent":true,"attachmentStep":false},{"name":"$(\".react-datepicker__year-select\") select option(2000)","time":{"start":1718640432300,"stop":1718640432562,"duration":262},"status":"passed","steps":[{"name":"$(\".react-datepicker__year-select\") select option(2000)","time":{"start":1718640432300,"stop":1718640432562,"duration":262},"status":"passed","steps":[],"attachments":[],"parameters":[],"shouldDisplayMessage":false,"stepsCount":0,"attachmentsCount":0,"hasContent":false,"attachmentStep":false}],"attachments":[],"parameters":[],"shouldDisplayMessage":false,"stepsCount":1,"attachmentsCount":0,"hasContent":true,"attachmentStep":false},{"name":"$(\".react-datepicker__day--003:not(react-datepicker__day--outside-month)\") click()","time":{"start":1718640432563,"stop":1718640433090,"duration":527},"status":"passed","steps":[{"name":"$(\".react-datepicker__day--003:not(react-datepicker__day--outside-month)\") click()","time":{"start":1718640432563,"stop":1718640433090,"duration":527},"status":"passed","steps":[],"attachments":[],"parameters":[],"shouldDisplayMessage":false,"stepsCount":0,"attachmentsCount":0,"hasContent":false,"attachmentStep":false}],"attachments":[],"parameters":[],"shouldDisplayMessage":false,"stepsCount":1,"attachmentsCount":0,"hasContent":true,"attachmentStep":false},{"name":"$(\"#subjectsInput\") set value(ec)","time":{"start":1718640433090,"stop":1718640434142,"duration":1052},"status":"passed","steps":[{"name":"$(\"#subjectsInput\") set value(ec)","time":{"start":1718640433090,"stop":1718640434142,"duration":1052},"status":"passed","steps":[],"attachments":[],"parameters":[],"shouldDisplayMessage":false,"stepsCount":0,"attachmentsCount":0,"hasContent":false,"attachmentStep":false}],"attachments":[],"parameters":[],"shouldDisplayMessage":false,"stepsCount":1,"attachmentsCount":0,"hasContent":true,"attachmentStep":false},{"name":"$(\"#subjectsWrapper/by text: Economics\") click()","time":{"start":1718640434142,"stop":1718640434809,"duration":667},"status":"passed","steps":[{"name":"$(\"#subjectsWrapper/by text: Economics\") click()","time":{"start":1718640434142,"stop":1718640434809,"duration":667},"status":"passed","steps":[],"attachments":[],"parameters":[],"shouldDisplayMessage":false,"stepsCount":0,"attachmentsCount":0,"hasContent":false,"attachmentStep":false}],"attachments":[],"parameters":[],"shouldDisplayMessage":false,"stepsCount":1,"attachmentsCount":0,"hasContent":true,"attachmentStep":false},{"name":"$(\"#hobbiesWrapper/by text: Reading\") click()","time":{"start":1718640434809,"stop":1718640435483,"duration":674},"status":"passed","steps":[{"name":"$(\"#hobbiesWrapper/by text: Reading\") click()","time":{"start":1718640434809,"stop":1718640435483,"duration":674},"status":"passed","steps":[],"attachments":[],"parameters":[],"shouldDisplayMessage":false,"stepsCount":0,"attachmentsCount":0,"hasContent":false,"attachmentStep":false}],"attachments":[],"parameters":[],"shouldDisplayMessage":false,"stepsCount":1,"attachmentsCount":0,"hasContent":true,"attachmentStep":false},{"name":"$(\"#uploadPicture\") upload from classpath(img/sample.JPG)","time":{"start":1718640435483,"stop":1718640436361,"duration":878},"status":"passed","steps":[{"name":"$(\"#uploadPicture\") upload from classpath(img/sample.JPG)","time":{"start":1718640435483,"stop":1718640436361,"duration":878},"status":"passed","steps":[],"attachments":[],"parameters":[],"shouldDisplayMessage":false,"stepsCount":0,"attachmentsCount":0,"hasContent":false,"attachmentStep":false}],"attachments":[],"parameters":[],"shouldDisplayMessage":false,"stepsCount":1,"attachmentsCount":0,"hasContent":true,"attachmentStep":false},{"name":"$(\"#currentAddress\") set value(Address 1)","time":{"start":1718640436361,"stop":1718640437154,"duration":793},"status":"passed","steps":[{"name":"$(\"#currentAddress\") set value(Address 1)","time":{"start":1718640436361,"stop":1718640437154,"duration":793},"status":"passed","steps":[],"attachments":[],"parameters":[],"shouldDisplayMessage":false,"stepsCount":0,"attachmentsCount":0,"hasContent":false,"attachmentStep":false}],"attachments":[],"parameters":[],"shouldDisplayMessage":false,"stepsCount":1,"attachmentsCount":0,"hasContent":true,"attachmentStep":false},{"name":"$(\"#stateCity-wrapper/#state\") click()","time":{"start":1718640437154,"stop":1718640451210,"duration":14056},"status":"failed","statusMessage":"Invalid element state [#stateCity-wrapper/#state]: element click intercepted: Element <div class=\" css-2b097c-container\" id=\"state\">...</div> is not clickable at point (870, 975). Other element would receive the click: <iframe frameborder=\"0\" src=\"https://87644657e27c5b4d27fc6cf32fd7ffb7.safeframe.googlesyndication.com/safeframe/1-0-40/html/container.html\" id=\"google_ads_iframe_/21849154601,22343295815/Ad.Plus-300x250_1\" title=\"3rd party ad content\" name=\"\" scrolling=\"no\" marginwidth=\"0\" marginheight=\"0\" width=\"1005\" height=\"124\" data-is-safeframe=\"true\" sandbox=\"allow-forms allow-popups allow-popups-to-escape-sandbox allow-same-origin allow-scripts allow-top-navigation-by-user-activation\" aria-label=\"Advertisement\" tabindex=\"0\" data-google-container-id=\"6\" style=\"border: 0px; vertical-align: bottom; max-height: 30vh !important; overflow: hidden !important; display: block; margin: 0px auto;\" data-load-complete=\"true\"></iframe>\nScreenshot: file:/home/runner/work/qa_tests_20_3/qa_tests_20_3/build/reports/tests/1718640448855.2.png\nPage source: file:/home/runner/work/qa_tests_20_3/qa_tests_20_3/build/reports/tests/1718640448855.2.html\nTimeout: 10 s.\nCaused by: ElementClickInterceptedException: element click intercepted: Element <div class=\" css-2b097c-container\" id=\"state\">...</div> is not clickable at point (870, 975). Other element would receive the click: <iframe frameborder=\"0\" src=\"https://87644657e27c5b4d27fc6cf32fd7ffb7.safeframe.googlesyndication.com/safeframe/1-0-40/html/container.html\" id=\"google_ads_iframe_/21849154601,22343295815/Ad.Plus-300x250_1\" title=\"3rd party ad content\" name=\"\" scrolling=\"no\" marginwidth=\"0\" marginheight=\"0\" width=\"1005\" height=\"124\" data-is-safeframe=\"true\" sandbox=\"allow-forms allow-popups allow-popups-to-escape-sandbox allow-same-origin allow-scripts allow-top-navigation-by-user-activation\" aria-label=\"Advertisement\" tabindex=\"0\" data-google-container-id=\"6\" style=\"border: 0px; vertical-align: bottom; max-height: 30vh !important; overflow: hidden !important; display: block; margin: 0px auto;\" data-load-complete=\"true\"></iframe>","statusTrace":"Invalid element state [#stateCity-wrapper/#state]: element click intercepted: Element <div class=\" css-2b097c-container\" id=\"state\">...</div> is not clickable at point (870, 975). Other element would receive the click: <iframe frameborder=\"0\" src=\"https://87644657e27c5b4d27fc6cf32fd7ffb7.safeframe.googlesyndication.com/safeframe/1-0-40/html/container.html\" id=\"google_ads_iframe_/21849154601,22343295815/Ad.Plus-300x250_1\" title=\"3rd party ad content\" name=\"\" scrolling=\"no\" marginwidth=\"0\" marginheight=\"0\" width=\"1005\" height=\"124\" data-is-safeframe=\"true\" sandbox=\"allow-forms allow-popups allow-popups-to-escape-sandbox allow-same-origin allow-scripts allow-top-navigation-by-user-activation\" aria-label=\"Advertisement\" tabindex=\"0\" data-google-container-id=\"6\" style=\"border: 0px; vertical-align: bottom; max-height: 30vh !important; overflow: hidden !important; display: block; margin: 0px auto;\" data-load-complete=\"true\"></iframe>\nScreenshot: file:/home/runner/work/qa_tests_20_3/qa_tests_20_3/build/reports/tests/1718640448855.2.png\nPage source: file:/home/runner/work/qa_tests_20_3/qa_tests_20_3/build/reports/tests/1718640448855.2.html\nTimeout: 10 s.\nCaused by: ElementClickInterceptedException: element click intercepted: Element <div class=\" css-2b097c-container\" id=\"state\">...</div> is not clickable at point (870, 975). Other element would receive the click: <iframe frameborder=\"0\" src=\"https://87644657e27c5b4d27fc6cf32fd7ffb7.safeframe.googlesyndication.com/safeframe/1-0-40/html/container.html\" id=\"google_ads_iframe_/21849154601,22343295815/Ad.Plus-300x250_1\" title=\"3rd party ad content\" name=\"\" scrolling=\"no\" marginwidth=\"0\" marginheight=\"0\" width=\"1005\" height=\"124\" data-is-safeframe=\"true\" sandbox=\"allow-forms allow-popups allow-popups-to-escape-sandbox allow-same-origin allow-scripts allow-top-navigation-by-user-activation\" aria-label=\"Advertisement\" tabindex=\"0\" data-google-container-id=\"6\" style=\"border: 0px; vertical-align: bottom; max-height: 30vh !important; overflow: hidden !important; display: block; margin: 0px auto;\" data-load-complete=\"true\"></iframe>\n\tat com.codeborne.selenide.impl.ExceptionWrapper.wrap(ExceptionWrapper.java:26)\n\tat com.codeborne.selenide.impl.SelenideElementProxy.dispatchAndRetry(SelenideElementProxy.java:156)\n\tat com.codeborne.selenide.impl.SelenideElementProxy.invoke(SelenideElementProxy.java:86)\n\tat jdk.proxy3/jdk.proxy3.$Proxy38.click(Unknown Source)\n\tat com.qaguru.tests.StudentRegistrationTests.successTest(StudentRegistrationTests.java:42)\n\tat java.base/jdk.internal.reflect.DirectMethodHandleAccessor.invoke(DirectMethodHandleAccessor.java:104)\n\tat java.base/java.lang.reflect.Method.invoke(Method.java:577)\n\tat org.junit.platform.commons.util.ReflectionUtils.invokeMethod(ReflectionUtils.java:728)\n\tat org.junit.jupiter.engine.execution.MethodInvocation.proceed(MethodInvocation.java:60)\n\tat org.junit.jupiter.engine.execution.InvocationInterceptorChain$ValidatingInvocation.proceed(InvocationInterceptorChain.java:131)\n\tat org.junit.jupiter.api.extension.InvocationInterceptor.interceptTestMethod(InvocationInterceptor.java:119)\n\tat org.junit.jupiter.engine.execution.InterceptingExecutableInvoker$ReflectiveInterceptorCall.lambda$ofVoidMethod$0(InterceptingExecutableInvoker.java:103)\n\tat org.junit.jupiter.engine.execution.InterceptingExecutableInvoker.lambda$invoke$0(InterceptingExecutableInvoker.java:93)\n\tat org.junit.jupiter.engine.execution.InvocationInterceptorChain$InterceptedInvocation.proceed(InvocationInterceptorChain.java:106)\n\tat org.junit.jupiter.engine.extension.TimeoutExtension.intercept(TimeoutExtension.java:156)\n\tat org.junit.jupiter.engine.extension.TimeoutExtension.interceptTestableMethod(TimeoutExtension.java:147)\n\tat org.junit.jupiter.engine.extension.TimeoutExtension.interceptTestMethod(TimeoutExtension.java:86)\n\tat org.junit.jupiter.engine.execution.InterceptingExecutableInvoker$ReflectiveInterceptorCall.lambda$ofVoidMethod$0(InterceptingExecutableInvoker.java:103)\n\tat org.junit.jupiter.engine.execution.InterceptingExecutableInvoker.lambda$invoke$0(InterceptingExecutableInvoker.java:93)\n\tat org.junit.jupiter.engine.execution.InvocationInterceptorChain$InterceptedInvocation.proceed(InvocationInterceptorChain.java:106)\n\tat org.junit.jupiter.engine.execution.InvocationInterceptorChain.proceed(InvocationInterceptorChain.java:64)\n\tat org.junit.jupiter.engine.execution.InvocationInterceptorChain.chainAndInvoke(InvocationInterceptorChain.java:45)\n\tat org.junit.jupiter.engine.execution.InvocationInterceptorChain.invoke(InvocationInterceptorChain.java:37)\n\tat org.junit.jupiter.engine.execution.InterceptingExecutableInvoker.invoke(InterceptingExecutableInvoker.java:92)\n\tat org.junit.jupiter.engine.execution.InterceptingExecutableInvoker.invoke(InterceptingExecutableInvoker.java:86)\n\tat org.junit.jupiter.engine.descriptor.TestMethodTestDescriptor.lambda$invokeTestMethod$7(TestMethodTestDescriptor.java:218)\n\tat org.junit.platform.engine.support.hierarchical.ThrowableCollector.execute(ThrowableCollector.java:73)\n\tat org.junit.jupiter.engine.descriptor.TestMethodTestDescriptor.invokeTestMethod(TestMethodTestDescriptor.java:214)\n\tat org.junit.jupiter.engine.descriptor.TestMethodTestDescriptor.execute(TestMethodTestDescriptor.java:139)\n\tat org.junit.jupiter.engine.descriptor.TestMethodTestDescriptor.execute(TestMethodTestDescriptor.java:69)\n\tat org.junit.platform.engine.support.hierarchical.NodeTestTask.lambda$executeRecursively$6(NodeTestTask.java:151)\n\tat org.junit.platform.engine.support.hierarchical.ThrowableCollector.execute(ThrowableCollector.java:73)\n\tat org.junit.platform.engine.support.hierarchical.NodeTestTask.lambda$executeRecursively$8(NodeTestTask.java:141)\n\tat org.junit.platform.engine.support.hierarchical.Node.around(Node.java:137)\n\tat org.junit.platform.engine.support.hierarchical.NodeTestTask.lambda$executeRecursively$9(NodeTestTask.java:139)\n\tat org.junit.platform.engine.support.hierarchical.ThrowableCollector.execute(ThrowableCollector.java:73)\n\tat org.junit.platform.engine.support.hierarchical.NodeTestTask.executeRecursively(NodeTestTask.java:138)\n\tat org.junit.platform.engine.support.hierarchical.NodeTestTask.execute(NodeTestTask.java:95)\n\tat java.base/java.util.ArrayList.forEach(ArrayList.java:1511)\n\tat org.junit.platform.engine.support.hierarchical.SameThreadHierarchicalTestExecutorService.invokeAll(SameThreadHierarchicalTestExecutorService.java:41)\n\tat org.junit.platform.engine.support.hierarchical.NodeTestTask.lambda$executeRecursively$6(NodeTestTask.java:155)\n\tat org.junit.platform.engine.support.hierarchical.ThrowableCollector.execute(ThrowableCollector.java:73)\n\tat org.junit.platform.engine.support.hierarchical.NodeTestTask.lambda$executeRecursively$8(NodeTestTask.java:141)\n\tat org.junit.platform.engine.support.hierarchical.Node.around(Node.java:137)\n\tat org.junit.platform.engine.support.hierarchical.NodeTestTask.lambda$executeRecursively$9(NodeTestTask.java:139)\n\tat org.junit.platform.engine.support.hierarchical.ThrowableCollector.execute(ThrowableCollector.java:73)\n\tat org.junit.platform.engine.support.hierarchical.NodeTestTask.executeRecursively(NodeTestTask.java:138)\n\tat org.junit.platform.engine.support.hierarchical.NodeTestTask.execute(NodeTestTask.java:95)\n\tat java.base/java.util.ArrayList.forEach(ArrayList.java:1511)\n\tat org.junit.platform.engine.support.hierarchical.SameThreadHierarchicalTestExecutorService.invokeAll(SameThreadHierarchicalTestExecutorService.java:41)\n\tat org.junit.platform.engine.support.hierarchical.NodeTestTask.lambda$executeRecursively$6(NodeTestTask.java:155)\n\tat org.junit.platform.engine.support.hierarchical.ThrowableCollector.execute(ThrowableCollector.java:73)\n\tat org.junit.platform.engine.support.hierarchical.NodeTestTask.lambda$executeRecursively$8(NodeTestTask.java:141)\n\tat org.junit.platform.engine.support.hierarchical.Node.around(Node.java:137)\n\tat org.junit.platform.engine.support.hierarchical.NodeTestTask.lambda$executeRecursively$9(NodeTestTask.java:139)\n\tat org.junit.platform.engine.support.hierarchical.ThrowableCollector.execute(ThrowableCollector.java:73)\n\tat org.junit.platform.engine.support.hierarchical.NodeTestTask.executeRecursively(NodeTestTask.java:138)\n\tat org.junit.platform.engine.support.hierarchical.NodeTestTask.execute(NodeTestTask.java:95)\n\tat org.junit.platform.engine.support.hierarchical.SameThreadHierarchicalTestExecutorService.submit(SameThreadHierarchicalTestExecutorService.java:35)\n\tat org.junit.platform.engine.support.hierarchical.HierarchicalTestExecutor.execute(HierarchicalTestExecutor.java:57)\n\tat org.junit.platform.engine.support.hierarchical.HierarchicalTestEngine.execute(HierarchicalTestEngine.java:54)\n\tat org.junit.platform.launcher.core.EngineExecutionOrchestrator.execute(EngineExecutionOrchestrator.java:198)\n\tat org.junit.platform.launcher.core.EngineExecutionOrchestrator.execute(EngineExecutionOrchestrator.java:169)\n\tat org.junit.platform.launcher.core.EngineExecutionOrchestrator.execute(EngineExecutionOrchestrator.java:93)\n\tat org.junit.platform.launcher.core.EngineExecutionOrchestrator.lambda$execute$0(EngineExecutionOrchestrator.java:58)\n\tat org.junit.platform.launcher.core.EngineExecutionOrchestrator.withInterceptedStreams(EngineExecutionOrchestrator.java:141)\n\tat org.junit.platform.launcher.core.EngineExecutionOrchestrator.execute(EngineExecutionOrchestrator.java:57)\n\tat org.junit.platform.launcher.core.DefaultLauncher.execute(DefaultLauncher.java:103)\n\tat org.junit.platform.launcher.core.DefaultLauncher.execute(DefaultLauncher.java:85)\n\tat org.junit.platform.launcher.core.DelegatingLauncher.execute(DelegatingLauncher.java:47)\n\tat org.junit.platform.launcher.core.SessionPerRequestLauncher.execute(SessionPerRequestLauncher.java:63)\n\tat org.gradle.api.internal.tasks.testing.junitplatform.JUnitPlatformTestClassProcessor$CollectAllTestClassesExecutor.processAllTestClasses(JUnitPlatformTestClassProcessor.java:99)\n\tat org.gradle.api.internal.tasks.testing.junitplatform.JUnitPlatformTestClassProcessor$CollectAllTestClassesExecutor.access$000(JUnitPlatformTestClassProcessor.java:79)\n\tat org.gradle.api.internal.tasks.testing.junitplatform.JUnitPlatformTestClassProcessor.stop(JUnitPlatformTestClassProcessor.java:75)\n\tat org.gradle.api.internal.tasks.testing.SuiteTestClassProcessor.stop(SuiteTestClassProcessor.java:61)\n\tat java.base/jdk.internal.reflect.DirectMethodHandleAccessor.invoke(DirectMethodHandleAccessor.java:104)\n\tat java.base/java.lang.reflect.Method.invoke(Method.java:577)\n\tat org.gradle.internal.dispatch.ReflectionDispatch.dispatch(ReflectionDispatch.java:36)\n\tat org.gradle.internal.dispatch.ReflectionDispatch.dispatch(ReflectionDispatch.java:24)\n\tat org.gradle.internal.dispatch.ContextClassLoaderDispatch.dispatch(ContextClassLoaderDispatch.java:33)\n\tat org.gradle.internal.dispatch.ProxyDispatchAdapter$DispatchingInvocationHandler.invoke(ProxyDispatchAdapter.java:94)\n\tat jdk.proxy1/jdk.proxy1.$Proxy2.stop(Unknown Source)\n\tat org.gradle.api.internal.tasks.testing.worker.TestWorker$3.run(TestWorker.java:193)\n\tat org.gradle.api.internal.tasks.testing.worker.TestWorker.executeAndMaintainThreadName(TestWorker.java:129)\n\tat org.gradle.api.internal.tasks.testing.worker.TestWorker.execute(TestWorker.java:100)\n\tat org.gradle.api.internal.tasks.testing.worker.TestWorker.execute(TestWorker.java:60)\n\tat org.gradle.process.internal.worker.child.ActionExecutionWorker.execute(ActionExecutionWorker.java:56)\n\tat org.gradle.process.internal.worker.child.SystemApplicationClassLoaderWorker.call(SystemApplicationClassLoaderWorker.java:133)\n\tat org.gradle.process.internal.worker.child.SystemApplicationClassLoaderWorker.call(SystemApplicationClassLoaderWorker.java:71)\n\tat worker.org.gradle.process.internal.worker.GradleWorkerMain.run(GradleWorkerMain.java:69)\n\tat worker.org.gradle.process.internal.worker.GradleWorkerMain.main(GradleWorkerMain.java:74)\nCaused by: org.openqa.selenium.ElementClickInterceptedException: element click intercepted: Element <div class=\" css-2b097c-container\" id=\"state\">...</div> is not clickable at point (870, 975). Other element would receive the click: <iframe frameborder=\"0\" src=\"https://87644657e27c5b4d27fc6cf32fd7ffb7.safeframe.googlesyndication.com/safeframe/1-0-40/html/container.html\" id=\"google_ads_iframe_/21849154601,22343295815/Ad.Plus-300x250_1\" title=\"3rd party ad content\" name=\"\" scrolling=\"no\" marginwidth=\"0\" marginheight=\"0\" width=\"1005\" height=\"124\" data-is-safeframe=\"true\" sandbox=\"allow-forms allow-popups allow-popups-to-escape-sandbox allow-same-origin allow-scripts allow-top-navigation-by-user-activation\" aria-label=\"Advertisement\" tabindex=\"0\" data-google-container-id=\"6\" style=\"border: 0px; vertical-align: bottom; max-height: 30vh !important; overflow: hidden !important; display: block; margin: 0px auto;\" data-load-complete=\"true\"></iframe>\n  (Session info: chrome=122.0.6261.94)\nBuild info: version: '4.20.0', revision: '866c76ca80'\nSystem info: os.name: 'Linux', os.arch: 'amd64', os.version: '6.5.0-1021-azure', java.version: '18.0.2'\nDriver info: org.openqa.selenium.remote.RemoteWebDriver\nCommand: [7da7c41fdf78f9bb87fdff416de11472, clickElement {id=f.F7389E000EEB62EAD12DC3CD48EB2991.d.9E1D4F0AD341CE11E5BA6CFDC16690DE.e.64}]\nCapabilities {acceptInsecureCerts: true, browserName: chrome, browserVersion: 122.0.6261.94, chrome: {chromedriverVersion: 122.0.6261.94 (880dbf29479c..., userDataDir: /tmp/.org.chromium.Chromium...}, fedcm:accounts: true, goog:chromeOptions: {debuggerAddress: localhost:42435}, networkConnectionEnabled: false, pageLoadStrategy: eager, platformName: linux, proxy: Proxy(), se:cdp: ws://selenoid.autotests.clo..., setWindowRect: true, strictFileInteractability: false, timeouts: {implicit: 0, pageLoad: 300000, script: 30000}, unhandledPromptBehavior: accept, webauthn:extension:credBlob: true, webauthn:extension:largeBlob: true, webauthn:extension:minPinLength: true, webauthn:extension:prf: true, webauthn:virtualAuthenticators: true}\nElement: [[[[RemoteWebDriver: chrome on linux (7da7c41fdf78f9bb87fdff416de11472)] -> css selector: #stateCity-wrapper]] -> css selector: #state]\nSession ID: 7da7c41fdf78f9bb87fdff416de11472\n\tat java.base/jdk.internal.reflect.DirectConstructorHandleAccessor.newInstance(DirectConstructorHandleAccessor.java:67)\n\tat java.base/java.lang.reflect.Constructor.newInstanceWithCaller(Constructor.java:499)\n\tat java.base/java.lang.reflect.Constructor.newInstance(Constructor.java:483)\n\tat org.openqa.selenium.remote.ErrorCodec.decode(ErrorCodec.java:167)\n\tat org.openqa.selenium.remote.codec.w3c.W3CHttpResponseCodec.decode(W3CHttpResponseCodec.java:138)\n\tat org.openqa.selenium.remote.codec.w3c.W3CHttpResponseCodec.decode(W3CHttpResponseCodec.java:50)\n\tat org.openqa.selenium.remote.HttpCommandExecutor.execute(HttpCommandExecutor.java:190)\n\tat org.openqa.selenium.remote.RemoteWebDriver.execute(RemoteWebDriver.java:518)\n\tat org.openqa.selenium.remote.RemoteWebElement.execute(RemoteWebElement.java:223)\n\tat org.openqa.selenium.remote.RemoteWebElement.click(RemoteWebElement.java:76)\n\tat com.codeborne.selenide.commands.Click.defaultClick(Click.java:106)\n\tat com.codeborne.selenide.commands.Click.doClick(Click.java:83)\n\tat com.codeborne.selenide.commands.Click.click(Click.java:59)\n\tat com.codeborne.selenide.commands.Click.execute(Click.java:34)\n\tat com.codeborne.selenide.commands.Click.execute(Click.java:26)\n\tat com.codeborne.selenide.commands.Commands.execute(Commands.java:162)\n\tat com.codeborne.selenide.impl.SelenideElementProxy.dispatchAndRetry(SelenideElementProxy.java:134)\n\t... 89 more\n","steps":[{"name":"$(\"#stateCity-wrapper/#state\") click()","time":{"start":1718640437154,"stop":1718640450605,"duration":13451},"status":"failed","statusMessage":"Invalid element state [#stateCity-wrapper/#state]: element click intercepted: Element <div class=\" css-2b097c-container\" id=\"state\">...</div> is not clickable at point (870, 975). Other element would receive the click: <iframe frameborder=\"0\" src=\"https://87644657e27c5b4d27fc6cf32fd7ffb7.safeframe.googlesyndication.com/safeframe/1-0-40/html/container.html\" id=\"google_ads_iframe_/21849154601,22343295815/Ad.Plus-300x250_1\" title=\"3rd party ad content\" name=\"\" scrolling=\"no\" marginwidth=\"0\" marginheight=\"0\" width=\"1005\" height=\"124\" data-is-safeframe=\"true\" sandbox=\"allow-forms allow-popups allow-popups-to-escape-sandbox allow-same-origin allow-scripts allow-top-navigation-by-user-activation\" aria-label=\"Advertisement\" tabindex=\"0\" data-google-container-id=\"6\" style=\"border: 0px; vertical-align: bottom; max-height: 30vh !important; overflow: hidden !important; display: block; margin: 0px auto;\" data-load-complete=\"true\"></iframe>\nScreenshot: file:/home/runner/work/qa_tests_20_3/qa_tests_20_3/build/reports/tests/1718640448855.2.png\nPage source: file:/home/runner/work/qa_tests_20_3/qa_tests_20_3/build/reports/tests/1718640448855.2.html\nTimeout: 10 s.\nCaused by: ElementClickInterceptedException: element click intercepted: Element <div class=\" css-2b097c-container\" id=\"state\">...</div> is not clickable at point (870, 975). Other element would receive the click: <iframe frameborder=\"0\" src=\"https://87644657e27c5b4d27fc6cf32fd7ffb7.safeframe.googlesyndication.com/safeframe/1-0-40/html/container.html\" id=\"google_ads_iframe_/21849154601,22343295815/Ad.Plus-300x250_1\" title=\"3rd party ad content\" name=\"\" scrolling=\"no\" marginwidth=\"0\" marginheight=\"0\" width=\"1005\" height=\"124\" data-is-safeframe=\"true\" sandbox=\"allow-forms allow-popups allow-popups-to-escape-sandbox allow-same-origin allow-scripts allow-top-navigation-by-user-activation\" aria-label=\"Advertisement\" tabindex=\"0\" data-google-container-id=\"6\" style=\"border: 0px; vertical-align: bottom; max-height: 30vh !important; overflow: hidden !important; display: block; margin: 0px auto;\" data-load-complete=\"true\"></iframe>","statusTrace":"Invalid element state [#stateCity-wrapper/#state]: element click intercepted: Element <div class=\" css-2b097c-container\" id=\"state\">...</div> is not clickable at point (870, 975). Other element would receive the click: <iframe frameborder=\"0\" src=\"https://87644657e27c5b4d27fc6cf32fd7ffb7.safeframe.googlesyndication.com/safeframe/1-0-40/html/container.html\" id=\"google_ads_iframe_/21849154601,22343295815/Ad.Plus-300x250_1\" title=\"3rd party ad content\" name=\"\" scrolling=\"no\" marginwidth=\"0\" marginheight=\"0\" width=\"1005\" height=\"124\" data-is-safeframe=\"true\" sandbox=\"allow-forms allow-popups allow-popups-to-escape-sandbox allow-same-origin allow-scripts allow-top-navigation-by-user-activation\" aria-label=\"Advertisement\" tabindex=\"0\" data-google-container-id=\"6\" style=\"border: 0px; vertical-align: bottom; max-height: 30vh !important; overflow: hidden !important; display: block; margin: 0px auto;\" data-load-complete=\"true\"></iframe>\nScreenshot: file:/home/runner/work/qa_tests_20_3/qa_tests_20_3/build/reports/tests/1718640448855.2.png\nPage source: file:/home/runner/work/qa_tests_20_3/qa_tests_20_3/build/reports/tests/1718640448855.2.html\nTimeout: 10 s.\nCaused by: ElementClickInterceptedException: element click intercepted: Element <div class=\" css-2b097c-container\" id=\"state\">...</div> is not clickable at point (870, 975). Other element would receive the click: <iframe frameborder=\"0\" src=\"https://87644657e27c5b4d27fc6cf32fd7ffb7.safeframe.googlesyndication.com/safeframe/1-0-40/html/container.html\" id=\"google_ads_iframe_/21849154601,22343295815/Ad.Plus-300x250_1\" title=\"3rd party ad content\" name=\"\" scrolling=\"no\" marginwidth=\"0\" marginheight=\"0\" width=\"1005\" height=\"124\" data-is-safeframe=\"true\" sandbox=\"allow-forms allow-popups allow-popups-to-escape-sandbox allow-same-origin allow-scripts allow-top-navigation-by-user-activation\" aria-label=\"Advertisement\" tabindex=\"0\" data-google-container-id=\"6\" style=\"border: 0px; vertical-align: bottom; max-height: 30vh !important; overflow: hidden !important; display: block; margin: 0px auto;\" data-load-complete=\"true\"></iframe>\n\tat com.codeborne.selenide.impl.ExceptionWrapper.wrap(ExceptionWrapper.java:26)\n\tat com.codeborne.selenide.impl.SelenideElementProxy.dispatchAndRetry(SelenideElementProxy.java:156)\n\tat com.codeborne.selenide.impl.SelenideElementProxy.invoke(SelenideElementProxy.java:86)\n\tat jdk.proxy3/jdk.proxy3.$Proxy38.click(Unknown Source)\n\tat com.qaguru.tests.StudentRegistrationTests.successTest(StudentRegistrationTests.java:42)\n\tat java.base/jdk.internal.reflect.DirectMethodHandleAccessor.invoke(DirectMethodHandleAccessor.java:104)\n\tat java.base/java.lang.reflect.Method.invoke(Method.java:577)\n\tat org.junit.platform.commons.util.ReflectionUtils.invokeMethod(ReflectionUtils.java:728)\n\tat org.junit.jupiter.engine.execution.MethodInvocation.proceed(MethodInvocation.java:60)\n\tat org.junit.jupiter.engine.execution.InvocationInterceptorChain$ValidatingInvocation.proceed(InvocationInterceptorChain.java:131)\n\tat org.junit.jupiter.api.extension.InvocationInterceptor.interceptTestMethod(InvocationInterceptor.java:119)\n\tat org.junit.jupiter.engine.execution.InterceptingExecutableInvoker$ReflectiveInterceptorCall.lambda$ofVoidMethod$0(InterceptingExecutableInvoker.java:103)\n\tat org.junit.jupiter.engine.execution.InterceptingExecutableInvoker.lambda$invoke$0(InterceptingExecutableInvoker.java:93)\n\tat org.junit.jupiter.engine.execution.InvocationInterceptorChain$InterceptedInvocation.proceed(InvocationInterceptorChain.java:106)\n\tat org.junit.jupiter.engine.extension.TimeoutExtension.intercept(TimeoutExtension.java:156)\n\tat org.junit.jupiter.engine.extension.TimeoutExtension.interceptTestableMethod(TimeoutExtension.java:147)\n\tat org.junit.jupiter.engine.extension.TimeoutExtension.interceptTestMethod(TimeoutExtension.java:86)\n\tat org.junit.jupiter.engine.execution.InterceptingExecutableInvoker$ReflectiveInterceptorCall.lambda$ofVoidMethod$0(InterceptingExecutableInvoker.java:103)\n\tat org.junit.jupiter.engine.execution.InterceptingExecutableInvoker.lambda$invoke$0(InterceptingExecutableInvoker.java:93)\n\tat org.junit.jupiter.engine.execution.InvocationInterceptorChain$InterceptedInvocation.proceed(InvocationInterceptorChain.java:106)\n\tat org.junit.jupiter.engine.execution.InvocationInterceptorChain.proceed(InvocationInterceptorChain.java:64)\n\tat org.junit.jupiter.engine.execution.InvocationInterceptorChain.chainAndInvoke(InvocationInterceptorChain.java:45)\n\tat org.junit.jupiter.engine.execution.InvocationInterceptorChain.invoke(InvocationInterceptorChain.java:37)\n\tat org.junit.jupiter.engine.execution.InterceptingExecutableInvoker.invoke(InterceptingExecutableInvoker.java:92)\n\tat org.junit.jupiter.engine.execution.InterceptingExecutableInvoker.invoke(InterceptingExecutableInvoker.java:86)\n\tat org.junit.jupiter.engine.descriptor.TestMethodTestDescriptor.lambda$invokeTestMethod$7(TestMethodTestDescriptor.java:218)\n\tat org.junit.platform.engine.support.hierarchical.ThrowableCollector.execute(ThrowableCollector.java:73)\n\tat org.junit.jupiter.engine.descriptor.TestMethodTestDescriptor.invokeTestMethod(TestMethodTestDescriptor.java:214)\n\tat org.junit.jupiter.engine.descriptor.TestMethodTestDescriptor.execute(TestMethodTestDescriptor.java:139)\n\tat org.junit.jupiter.engine.descriptor.TestMethodTestDescriptor.execute(TestMethodTestDescriptor.java:69)\n\tat org.junit.platform.engine.support.hierarchical.NodeTestTask.lambda$executeRecursively$6(NodeTestTask.java:151)\n\tat org.junit.platform.engine.support.hierarchical.ThrowableCollector.execute(ThrowableCollector.java:73)\n\tat org.junit.platform.engine.support.hierarchical.NodeTestTask.lambda$executeRecursively$8(NodeTestTask.java:141)\n\tat org.junit.platform.engine.support.hierarchical.Node.around(Node.java:137)\n\tat org.junit.platform.engine.support.hierarchical.NodeTestTask.lambda$executeRecursively$9(NodeTestTask.java:139)\n\tat org.junit.platform.engine.support.hierarchical.ThrowableCollector.execute(ThrowableCollector.java:73)\n\tat org.junit.platform.engine.support.hierarchical.NodeTestTask.executeRecursively(NodeTestTask.java:138)\n\tat org.junit.platform.engine.support.hierarchical.NodeTestTask.execute(NodeTestTask.java:95)\n\tat java.base/java.util.ArrayList.forEach(ArrayList.java:1511)\n\tat org.junit.platform.engine.support.hierarchical.SameThreadHierarchicalTestExecutorService.invokeAll(SameThreadHierarchicalTestExecutorService.java:41)\n\tat org.junit.platform.engine.support.hierarchical.NodeTestTask.lambda$executeRecursively$6(NodeTestTask.java:155)\n\tat org.junit.platform.engine.support.hierarchical.ThrowableCollector.execute(ThrowableCollector.java:73)\n\tat org.junit.platform.engine.support.hierarchical.NodeTestTask.lambda$executeRecursively$8(NodeTestTask.java:141)\n\tat org.junit.platform.engine.support.hierarchical.Node.around(Node.java:137)\n\tat org.junit.platform.engine.support.hierarchical.NodeTestTask.lambda$executeRecursively$9(NodeTestTask.java:139)\n\tat org.junit.platform.engine.support.hierarchical.ThrowableCollector.execute(ThrowableCollector.java:73)\n\tat org.junit.platform.engine.support.hierarchical.NodeTestTask.executeRecursively(NodeTestTask.java:138)\n\tat org.junit.platform.engine.support.hierarchical.NodeTestTask.execute(NodeTestTask.java:95)\n\tat java.base/java.util.ArrayList.forEach(ArrayList.java:1511)\n\tat org.junit.platform.engine.support.hierarchical.SameThreadHierarchicalTestExecutorService.invokeAll(SameThreadHierarchicalTestExecutorService.java:41)\n\tat org.junit.platform.engine.support.hierarchical.NodeTestTask.lambda$executeRecursively$6(NodeTestTask.java:155)\n\tat org.junit.platform.engine.support.hierarchical.ThrowableCollector.execute(ThrowableCollector.java:73)\n\tat org.junit.platform.engine.support.hierarchical.NodeTestTask.lambda$executeRecursively$8(NodeTestTask.java:141)\n\tat org.junit.platform.engine.support.hierarchical.Node.around(Node.java:137)\n\tat org.junit.platform.engine.support.hierarchical.NodeTestTask.lambda$executeRecursively$9(NodeTestTask.java:139)\n\tat org.junit.platform.engine.support.hierarchical.ThrowableCollector.execute(ThrowableCollector.java:73)\n\tat org.junit.platform.engine.support.hierarchical.NodeTestTask.executeRecursively(NodeTestTask.java:138)\n\tat org.junit.platform.engine.support.hierarchical.NodeTestTask.execute(NodeTestTask.java:95)\n\tat org.junit.platform.engine.support.hierarchical.SameThreadHierarchicalTestExecutorService.submit(SameThreadHierarchicalTestExecutorService.java:35)\n\tat org.junit.platform.engine.support.hierarchical.HierarchicalTestExecutor.execute(HierarchicalTestExecutor.java:57)\n\tat org.junit.platform.engine.support.hierarchical.HierarchicalTestEngine.execute(HierarchicalTestEngine.java:54)\n\tat org.junit.platform.launcher.core.EngineExecutionOrchestrator.execute(EngineExecutionOrchestrator.java:198)\n\tat org.junit.platform.launcher.core.EngineExecutionOrchestrator.execute(EngineExecutionOrchestrator.java:169)\n\tat org.junit.platform.launcher.core.EngineExecutionOrchestrator.execute(EngineExecutionOrchestrator.java:93)\n\tat org.junit.platform.launcher.core.EngineExecutionOrchestrator.lambda$execute$0(EngineExecutionOrchestrator.java:58)\n\tat org.junit.platform.launcher.core.EngineExecutionOrchestrator.withInterceptedStreams(EngineExecutionOrchestrator.java:141)\n\tat org.junit.platform.launcher.core.EngineExecutionOrchestrator.execute(EngineExecutionOrchestrator.java:57)\n\tat org.junit.platform.launcher.core.DefaultLauncher.execute(DefaultLauncher.java:103)\n\tat org.junit.platform.launcher.core.DefaultLauncher.execute(DefaultLauncher.java:85)\n\tat org.junit.platform.launcher.core.DelegatingLauncher.execute(DelegatingLauncher.java:47)\n\tat org.junit.platform.launcher.core.SessionPerRequestLauncher.execute(SessionPerRequestLauncher.java:63)\n\tat org.gradle.api.internal.tasks.testing.junitplatform.JUnitPlatformTestClassProcessor$CollectAllTestClassesExecutor.processAllTestClasses(JUnitPlatformTestClassProcessor.java:99)\n\tat org.gradle.api.internal.tasks.testing.junitplatform.JUnitPlatformTestClassProcessor$CollectAllTestClassesExecutor.access$000(JUnitPlatformTestClassProcessor.java:79)\n\tat org.gradle.api.internal.tasks.testing.junitplatform.JUnitPlatformTestClassProcessor.stop(JUnitPlatformTestClassProcessor.java:75)\n\tat org.gradle.api.internal.tasks.testing.SuiteTestClassProcessor.stop(SuiteTestClassProcessor.java:61)\n\tat java.base/jdk.internal.reflect.DirectMethodHandleAccessor.invoke(DirectMethodHandleAccessor.java:104)\n\tat java.base/java.lang.reflect.Method.invoke(Method.java:577)\n\tat org.gradle.internal.dispatch.ReflectionDispatch.dispatch(ReflectionDispatch.java:36)\n\tat org.gradle.internal.dispatch.ReflectionDispatch.dispatch(ReflectionDispatch.java:24)\n\tat org.gradle.internal.dispatch.ContextClassLoaderDispatch.dispatch(ContextClassLoaderDispatch.java:33)\n\tat org.gradle.internal.dispatch.ProxyDispatchAdapter$DispatchingInvocationHandler.invoke(ProxyDispatchAdapter.java:94)\n\tat jdk.proxy1/jdk.proxy1.$Proxy2.stop(Unknown Source)\n\tat org.gradle.api.internal.tasks.testing.worker.TestWorker$3.run(TestWorker.java:193)\n\tat org.gradle.api.internal.tasks.testing.worker.TestWorker.executeAndMaintainThreadName(TestWorker.java:129)\n\tat org.gradle.api.internal.tasks.testing.worker.TestWorker.execute(TestWorker.java:100)\n\tat org.gradle.api.internal.tasks.testing.worker.TestWorker.execute(TestWorker.java:60)\n\tat org.gradle.process.internal.worker.child.ActionExecutionWorker.execute(ActionExecutionWorker.java:56)\n\tat org.gradle.process.internal.worker.child.SystemApplicationClassLoaderWorker.call(SystemApplicationClassLoaderWorker.java:133)\n\tat org.gradle.process.internal.worker.child.SystemApplicationClassLoaderWorker.call(SystemApplicationClassLoaderWorker.java:71)\n\tat worker.org.gradle.process.internal.worker.GradleWorkerMain.run(GradleWorkerMain.java:69)\n\tat worker.org.gradle.process.internal.worker.GradleWorkerMain.main(GradleWorkerMain.java:74)\nCaused by: org.openqa.selenium.ElementClickInterceptedException: element click intercepted: Element <div class=\" css-2b097c-container\" id=\"state\">...</div> is not clickable at point (870, 975). Other element would receive the click: <iframe frameborder=\"0\" src=\"https://87644657e27c5b4d27fc6cf32fd7ffb7.safeframe.googlesyndication.com/safeframe/1-0-40/html/container.html\" id=\"google_ads_iframe_/21849154601,22343295815/Ad.Plus-300x250_1\" title=\"3rd party ad content\" name=\"\" scrolling=\"no\" marginwidth=\"0\" marginheight=\"0\" width=\"1005\" height=\"124\" data-is-safeframe=\"true\" sandbox=\"allow-forms allow-popups allow-popups-to-escape-sandbox allow-same-origin allow-scripts allow-top-navigation-by-user-activation\" aria-label=\"Advertisement\" tabindex=\"0\" data-google-container-id=\"6\" style=\"border: 0px; vertical-align: bottom; max-height: 30vh !important; overflow: hidden !important; display: block; margin: 0px auto;\" data-load-complete=\"true\"></iframe>\n  (Session info: chrome=122.0.6261.94)\nBuild info: version: '4.20.0', revision: '866c76ca80'\nSystem info: os.name: 'Linux', os.arch: 'amd64', os.version: '6.5.0-1021-azure', java.version: '18.0.2'\nDriver info: org.openqa.selenium.remote.RemoteWebDriver\nCommand: [7da7c41fdf78f9bb87fdff416de11472, clickElement {id=f.F7389E000EEB62EAD12DC3CD48EB2991.d.9E1D4F0AD341CE11E5BA6CFDC16690DE.e.64}]\nCapabilities {acceptInsecureCerts: true, browserName: chrome, browserVersion: 122.0.6261.94, chrome: {chromedriverVersion: 122.0.6261.94 (880dbf29479c..., userDataDir: /tmp/.org.chromium.Chromium...}, fedcm:accounts: true, goog:chromeOptions: {debuggerAddress: localhost:42435}, networkConnectionEnabled: false, pageLoadStrategy: eager, platformName: linux, proxy: Proxy(), se:cdp: ws://selenoid.autotests.clo..., setWindowRect: true, strictFileInteractability: false, timeouts: {implicit: 0, pageLoad: 300000, script: 30000}, unhandledPromptBehavior: accept, webauthn:extension:credBlob: true, webauthn:extension:largeBlob: true, webauthn:extension:minPinLength: true, webauthn:extension:prf: true, webauthn:virtualAuthenticators: true}\nElement: [[[[RemoteWebDriver: chrome on linux (7da7c41fdf78f9bb87fdff416de11472)] -> css selector: #stateCity-wrapper]] -> css selector: #state]\nSession ID: 7da7c41fdf78f9bb87fdff416de11472\n\tat java.base/jdk.internal.reflect.DirectConstructorHandleAccessor.newInstance(DirectConstructorHandleAccessor.java:67)\n\tat java.base/java.lang.reflect.Constructor.newInstanceWithCaller(Constructor.java:499)\n\tat java.base/java.lang.reflect.Constructor.newInstance(Constructor.java:483)\n\tat org.openqa.selenium.remote.ErrorCodec.decode(ErrorCodec.java:167)\n\tat org.openqa.selenium.remote.codec.w3c.W3CHttpResponseCodec.decode(W3CHttpResponseCodec.java:138)\n\tat org.openqa.selenium.remote.codec.w3c.W3CHttpResponseCodec.decode(W3CHttpResponseCodec.java:50)\n\tat org.openqa.selenium.remote.HttpCommandExecutor.execute(HttpCommandExecutor.java:190)\n\tat org.openqa.selenium.remote.RemoteWebDriver.execute(RemoteWebDriver.java:518)\n\tat org.openqa.selenium.remote.RemoteWebElement.execute(RemoteWebElement.java:223)\n\tat org.openqa.selenium.remote.RemoteWebElement.click(RemoteWebElement.java:76)\n\tat com.codeborne.selenide.commands.Click.defaultClick(Click.java:106)\n\tat com.codeborne.selenide.commands.Click.doClick(Click.java:83)\n\tat com.codeborne.selenide.commands.Click.click(Click.java:59)\n\tat com.codeborne.selenide.commands.Click.execute(Click.java:34)\n\tat com.codeborne.selenide.commands.Click.execute(Click.java:26)\n\tat com.codeborne.selenide.commands.Commands.execute(Commands.java:162)\n\tat com.codeborne.selenide.impl.SelenideElementProxy.dispatchAndRetry(SelenideElementProxy.java:134)\n\t... 89 more\n","steps":[],"attachments":[{"uid":"faf064f7d7354141","name":"Screenshot","source":"faf064f7d7354141.png","type":"image/png","size":459421},{"uid":"b638d168d595e5e1","name":"Page source","source":"b638d168d595e5e1.html","type":"text/html","size":50941}],"parameters":[],"shouldDisplayMessage":true,"stepsCount":0,"attachmentsCount":2,"hasContent":true,"attachmentStep":false}],"attachments":[{"uid":"3d984f498e6ec77e","name":"Screenshot","source":"3d984f498e6ec77e.png","type":"image/png","size":462625},{"uid":"558c5a24deb6c6c","name":"Page source","source":"558c5a24deb6c6c.html","type":"text/html","size":50941}],"parameters":[],"shouldDisplayMessage":false,"stepsCount":1,"attachmentsCount":4,"hasContent":true,"attachmentStep":false}],"attachments":[],"parameters":[],"shouldDisplayMessage":false,"stepsCount":32,"attachmentsCount":4,"hasContent":true,"attachmentStep":false},"afterStages":[],"labels":[{"name":"junit.platform.uniqueid","value":"[engine:junit-jupiter]/[class:com.qaguru.tests.StudentRegistrationTests]/[method:successTest()]"},{"name":"host","value":"fv-az651-831"},{"name":"thread","value":"2698@fv-az651-831.Test worker(1)"},{"name":"framework","value":"junit-platform"},{"name":"language","value":"java"},{"name":"package","value":"com.qaguru.tests.StudentRegistrationTests"},{"name":"testClass","value":"com.qaguru.tests.StudentRegistrationTests"},{"name":"testMethod","value":"successTest"},{"name":"suite","value":"com.qaguru.tests.StudentRegistrationTests"},{"name":"resultFormat","value":"allure2"}],"parameters":[],"links":[],"hidden":false,"retry":false,"extra":{"severity":"normal","retries":[],"categories":[{"name":"Product defects","matchedStatuses":[],"flaky":false}],"history":{"statistic":{"failed":1,"broken":0,"skipped":0,"passed":1,"unknown":0,"total":2},"items":[{"uid":"3808507fdc868dec","reportUrl":"https://OlgaSamorodnova.github.io/qa_tests_20_3/16//#testresult/3808507fdc868dec","status":"passed","time":{"start":1718639924482,"stop":1718639948584,"duration":24102}}]},"tags":[]},"source":"d78e4358fc3907bf.json","parameterValues":[]}